<?xml version="1.0" encoding="UTF-8"?>
<!-- Generated by org.testng.reporters.JUnitXMLReporter -->
<testsuite hostname="DESKTOP-16VI708" ignored="0" name="Test1" tests="5" failures="0" timestamp="22 Nov 2017 00:07:32 GMT" time="0.084" errors="0">
  <testcase name="testCase1" time="0.018" classname="com.naveentestNG.ParallelTesting1"/>
  <testcase name="testCase2" time="0.005" classname="com.naveentestNG.ParallelTesting1"/>
  <testcase name="testCase3" time="0.005" classname="com.naveentestNG.ParallelTesting1"/>
  <testcase name="testCase4" time="0.003" classname="com.naveentestNG.ParallelTesting1"/>
  <testcase name="testCase5" time="0.002" classname="com.naveentestNG.ParallelTesting1"/>
</testsuite> <!-- Test1 -->
