<?xml version="1.0" encoding="UTF-8"?>
<!-- Generated by org.testng.reporters.JUnitXMLReporter -->
<testsuite hostname="DESKTOP-16VI708" ignored="0" name="Test" tests="11" failures="2" timestamp="07 Dec 2017 08:15:34 GMT" time="0.169" errors="0">
  <testcase name="testCase1" time="0.022" classname="com.naveentestNG.RetryLogic2">
    <skipped/>
  </testcase> <!-- testCase1 -->
  <testcase name="testCase1" time="0.003" classname="com.naveentestNG.RetryLogic2">
    <skipped/>
  </testcase> <!-- testCase1 -->
  <testcase name="testCase1" time="0.002" classname="com.naveentestNG.RetryLogic2">
    <skipped/>
  </testcase> <!-- testCase1 -->
  <testcase name="testCase1" time="0.002" classname="com.naveentestNG.RetryLogic2">
    <skipped/>
  </testcase> <!-- testCase1 -->
  <testcase name="testCase1" time="0.004" classname="com.naveentestNG.RetryLogic2">
    <failure type="java.lang.AssertionError" message="expected [false] but found [true]">
      <![CDATA[java.lang.AssertionError: expected [false] but found [true]
	at com.naveentestNG.RetryLogic2.testCase1(RetryLogic2.java:10)
... Removed 31 stack frames]]>
    </failure>
  </testcase> <!-- testCase1 -->
  <testcase name="testCase2" time="0.002" classname="com.naveentestNG.RetryLogic2">
    <skipped/>
  </testcase> <!-- testCase2 -->
  <testcase name="testCase2" time="0.002" classname="com.naveentestNG.RetryLogic2">
    <skipped/>
  </testcase> <!-- testCase2 -->
  <testcase name="testCase2" time="0.001" classname="com.naveentestNG.RetryLogic2">
    <skipped/>
  </testcase> <!-- testCase2 -->
  <testcase name="testCase2" time="0.009" classname="com.naveentestNG.RetryLogic2">
    <skipped/>
  </testcase> <!-- testCase2 -->
  <testcase name="testCase2" time="0.001" classname="com.naveentestNG.RetryLogic2">
    <failure type="java.lang.AssertionError" message="expected [false] but found [true]">
      <![CDATA[java.lang.AssertionError: expected [false] but found [true]
	at com.naveentestNG.RetryLogic2.testCase2(RetryLogic2.java:15)
... Removed 31 stack frames]]>
    </failure>
  </testcase> <!-- testCase2 -->
  <testcase name="testCase3" time="0.002" classname="com.naveentestNG.RetryLogic2"/>
</testsuite> <!-- Test -->
