<?xml version="1.0" encoding="UTF-8"?>
<!-- Generated by org.testng.reporters.JUnitXMLReporter -->
<testsuite hostname="DESKTOP-16VI708" ignored="0" name="Test2" tests="10" failures="0" timestamp="21 Nov 2017 23:59:59 GMT" time="0.094" errors="0">
  <testcase name="testCase1" time="0.019" classname="com.naveentestNG.ParallelTesting1"/>
  <testcase name="testCase6" time="0.021" classname="com.naveentestNG.ParallelTesting2"/>
  <testcase name="testCase2" time="0.005" classname="com.naveentestNG.ParallelTesting1"/>
  <testcase name="testCase7" time="0.002" classname="com.naveentestNG.ParallelTesting2"/>
  <testcase name="testCase3" time="0.008" classname="com.naveentestNG.ParallelTesting1"/>
  <testcase name="testCase8" time="0.003" classname="com.naveentestNG.ParallelTesting2"/>
  <testcase name="testCase4" time="0.002" classname="com.naveentestNG.ParallelTesting1"/>
  <testcase name="testCase9" time="0.009" classname="com.naveentestNG.ParallelTesting2"/>
  <testcase name="testCase5" time="0.002" classname="com.naveentestNG.ParallelTesting1"/>
  <testcase name="testCase10" time="0.002" classname="com.naveentestNG.ParallelTesting2"/>
</testsuite> <!-- Test2 -->
