<?xml version="1.0" encoding="UTF-8"?>
<!-- Generated by org.testng.reporters.JUnitXMLReporter -->
<testsuite hostname="DESKTOP-16VI708" ignored="0" name="Test 2" tests="5" failures="0" timestamp="22 Nov 2017 00:10:05 GMT" time="0.155" errors="0">
  <testcase name="testCase6" time="0.022" classname="com.naveentestNG.ParallelTesting2"/>
  <testcase name="testCase7" time="0.027" classname="com.naveentestNG.ParallelTesting2"/>
  <testcase name="testCase8" time="0.017" classname="com.naveentestNG.ParallelTesting2"/>
  <testcase name="testCase9" time="0.002" classname="com.naveentestNG.ParallelTesting2"/>
  <testcase name="testCase10" time="0.002" classname="com.naveentestNG.ParallelTesting2"/>
</testsuite> <!-- Test 2 -->
