<?xml version="1.0" encoding="UTF-8" ?>
<testsuite tests="31" failures="5" name="TestSuite" time="70.111" errors="0" skipped="3">
  <properties>
[...]
</properties>
  <testcase classname="com.datadriven.test.HalfEbayTest" name="halfEbayTest" time="5.835"/>
  <testcase classname="com.datadriven.test.HalfEbayTest" name="halfEbayTest" time="4.103"/>
  <testcase classname="com.datadriven.test.HalfEbayTest" name="halfEbayTest" time="3.728"/>
  <testcase classname="com.datadriven.test.HalfEbayTest" name="halfEbayTest" time="3.712"/>
  <testcase classname="com.interviewQuestionsWebDriver.TestngAnnotation" name="testCase1" time="0.001"/>
  <testcase classname="com.interviewQuestionsWebDriver.TestngAnnotation" name="testCase2" time="0"/>
  <testcase classname="com.interviewQuestionsWebDriver.TestngException" name="dividedByZeroExample1" time="0"/>
  <testcase classname="com.interviewQuestionsWebDriver.TestngException" name="dividedByZeroExample2" time="0.005">
    <failure message="/ by zero" type="java.lang.ArithmeticException">java.lang.ArithmeticException: / by zero
	at com.interviewQuestionsWebDriver.TestngException.dividedByZeroExample2(TestngException.java:15)
</failure>
  </testcase>
  <testcase classname="com.naveenWebDriver.GoogleSearchTest" name="testCase1" time="12.378"/>
  <testcase classname="com.naveentestNG.TestNGFeatures" name="testCase1" time="0">
    <failure message="/ by zero" type="java.lang.ArithmeticException">java.lang.ArithmeticException: / by zero
	at com.naveentestNG.TestNGFeatures.testCase1(TestNGFeatures.java:9)
</failure>
  </testcase>
  <testcase classname="com.naveentestNG.TestNGFeatures" name="testCase2" time="0.001"/>
  <testcase classname="com.naveentestNG.TestNGFeatures" name="testCase4" time="0"/>
  <testcase classname="com.naveentestNG.TestNGFeatures" name="testCase6" time="0"/>
  <testcase classname="com.naveentestNG.GoogleTitleTest" name="testCase1" time="0.017"/>
  <testcase classname="com.naveentestNG.GoogleTitleTest" name="testCase2" time="0.018">
    <failure message="Title is not matched expected [Google123] but found [Google]" type="java.lang.AssertionError">java.lang.AssertionError: Title is not matched expected [Google123] but found [Google]
	at org.testng.Assert.fail(Assert.java:94)
	at org.testng.Assert.failNotEquals(Assert.java:513)
	at org.testng.Assert.assertEqualsImpl(Assert.java:135)
	at org.testng.Assert.assertEquals(Assert.java:116)
	at org.testng.Assert.assertEquals(Assert.java:190)
	at com.naveentestNG.GoogleTitleTest.testCase2(GoogleTitleTest.java:36)
</failure>
    <system-out>12-25-2017 21:22:58 RequestAddCookies.java DEBUG [Forwarding quit on session ea040e42300c7d49e54874b65206d1b9 to remote] protocol.RequestAddCookies 123 - CookieSpec selected: default
12-25-2017 21:22:58 RequestAuthCache.java DEBUG [Forwarding quit on session ea040e42300c7d49e54874b65206d1b9 to remote] protocol.RequestAuthCache 77 - Auth cache not set in the context
12-25-2017 21:22:58 PoolingHttpClientConnectionManager.java DEBUG [Forwarding quit on session ea040e42300c7d49e54874b65206d1b9 to remote] conn.PoolingHttpClientConnectionManager 255 - Connection request: [route: {}-&gt;http://localhost:31686][total kept alive: 0; route allocated: 0 of 2000; total allocated: 0 of 2000]
12-25-2017 21:22:58 PoolingHttpClientConnectionManager.java DEBUG [Forwarding quit on session ea040e42300c7d49e54874b65206d1b9 to remote] conn.PoolingHttpClientConnectionManager 288 - Connection leased: [id: 194][route: {}-&gt;http://localhost:31686][total kept alive: 0; route allocated: 1 of 2000; total allocated: 1 of 2000]
12-25-2017 21:22:58 MainClientExec.java DEBUG [Forwarding quit on session ea040e42300c7d49e54874b65206d1b9 to remote] execchain.MainClientExec 235 - Opening connection {}-&gt;http://localhost:31686
12-25-2017 21:22:58 DefaultHttpClientConnectionOperator.java DEBUG [Forwarding quit on session ea040e42300c7d49e54874b65206d1b9 to remote] conn.DefaultHttpClientConnectionOperator 139 - Connecting to localhost/127.0.0.1:31686
12-25-2017 21:22:58 DefaultHttpClientConnectionOperator.java DEBUG [Forwarding quit on session ea040e42300c7d49e54874b65206d1b9 to remote] conn.DefaultHttpClientConnectionOperator 146 - Connection established 127.0.0.1:50456&lt;-&gt;127.0.0.1:31686
12-25-2017 21:22:58 LoggingManagedHttpClientConnection.java DEBUG [Forwarding quit on session ea040e42300c7d49e54874b65206d1b9 to remote] conn.DefaultManagedHttpClientConnection 88 - http-outgoing-194: set socket timeout to 10800000
12-25-2017 21:22:58 MainClientExec.java DEBUG [Forwarding quit on session ea040e42300c7d49e54874b65206d1b9 to remote] execchain.MainClientExec 256 - Executing request DELETE /session/ea040e42300c7d49e54874b65206d1b9 HTTP/1.1
12-25-2017 21:22:58 MainClientExec.java DEBUG [Forwarding quit on session ea040e42300c7d49e54874b65206d1b9 to remote] execchain.MainClientExec 261 - Target auth state: UNCHALLENGED
12-25-2017 21:22:58 MainClientExec.java DEBUG [Forwarding quit on session ea040e42300c7d49e54874b65206d1b9 to remote] execchain.MainClientExec 267 - Proxy auth state: UNCHALLENGED
12-25-2017 21:22:58 LoggingManagedHttpClientConnection.java DEBUG [Forwarding quit on session ea040e42300c7d49e54874b65206d1b9 to remote] http.headers 133 - http-outgoing-194 &gt;&gt; DELETE /session/ea040e42300c7d49e54874b65206d1b9 HTTP/1.1
12-25-2017 21:22:58 LoggingManagedHttpClientConnection.java DEBUG [Forwarding quit on session ea040e42300c7d49e54874b65206d1b9 to remote] http.headers 136 - http-outgoing-194 &gt;&gt; Host: localhost:31686
12-25-2017 21:22:58 LoggingManagedHttpClientConnection.java DEBUG [Forwarding quit on session ea040e42300c7d49e54874b65206d1b9 to remote] http.headers 136 - http-outgoing-194 &gt;&gt; Connection: Keep-Alive
12-25-2017 21:22:58 LoggingManagedHttpClientConnection.java DEBUG [Forwarding quit on session ea040e42300c7d49e54874b65206d1b9 to remote] http.headers 136 - http-outgoing-194 &gt;&gt; User-Agent: Apache-HttpClient/4.5.3 (Java/1.8.0_151)
12-25-2017 21:22:58 LoggingManagedHttpClientConnection.java DEBUG [Forwarding quit on session ea040e42300c7d49e54874b65206d1b9 to remote] http.headers 136 - http-outgoing-194 &gt;&gt; Accept-Encoding: gzip,deflate
12-25-2017 21:22:58 Wire.java DEBUG [Forwarding quit on session ea040e42300c7d49e54874b65206d1b9 to remote] http.wire 73 - http-outgoing-194 &gt;&gt; &quot;DELETE /session/ea040e42300c7d49e54874b65206d1b9 HTTP/1.1[\r][\n]&quot;
12-25-2017 21:22:58 Wire.java DEBUG [Forwarding quit on session ea040e42300c7d49e54874b65206d1b9 to remote] http.wire 73 - http-outgoing-194 &gt;&gt; &quot;Host: localhost:31686[\r][\n]&quot;
12-25-2017 21:22:58 Wire.java DEBUG [Forwarding quit on session ea040e42300c7d49e54874b65206d1b9 to remote] http.wire 73 - http-outgoing-194 &gt;&gt; &quot;Connection: Keep-Alive[\r][\n]&quot;
12-25-2017 21:22:58 Wire.java DEBUG [Forwarding quit on session ea040e42300c7d49e54874b65206d1b9 to remote] http.wire 73 - http-outgoing-194 &gt;&gt; &quot;User-Agent: Apache-HttpClient/4.5.3 (Java/1.8.0_151)[\r][\n]&quot;
12-25-2017 21:22:58 Wire.java DEBUG [Forwarding quit on session ea040e42300c7d49e54874b65206d1b9 to remote] http.wire 73 - http-outgoing-194 &gt;&gt; &quot;Accept-Encoding: gzip,deflate[\r][\n]&quot;
12-25-2017 21:22:58 Wire.java DEBUG [Forwarding quit on session ea040e42300c7d49e54874b65206d1b9 to remote] http.wire 73 - http-outgoing-194 &gt;&gt; &quot;[\r][\n]&quot;
12-25-2017 21:22:58 Wire.java DEBUG [Forwarding quit on session ea040e42300c7d49e54874b65206d1b9 to remote] http.wire 73 - http-outgoing-194 &lt;&lt; &quot;HTTP/1.1 200 OK[\r][\n]&quot;
12-25-2017 21:22:58 Wire.java DEBUG [Forwarding quit on session ea040e42300c7d49e54874b65206d1b9 to remote] http.wire 73 - http-outgoing-194 &lt;&lt; &quot;Content-Length:72[\r][\n]&quot;
12-25-2017 21:22:58 Wire.java DEBUG [Forwarding quit on session ea040e42300c7d49e54874b65206d1b9 to remote] http.wire 73 - http-outgoing-194 &lt;&lt; &quot;Content-Type:application/json; charset=utf-8[\r][\n]&quot;
12-25-2017 21:22:58 Wire.java DEBUG [Forwarding quit on session ea040e42300c7d49e54874b65206d1b9 to remote] http.wire 73 - http-outgoing-194 &lt;&lt; &quot;Connection:close[\r][\n]&quot;
12-25-2017 21:22:58 Wire.java DEBUG [Forwarding quit on session ea040e42300c7d49e54874b65206d1b9 to remote] http.wire 73 - http-outgoing-194 &lt;&lt; &quot;[\r][\n]&quot;
12-25-2017 21:22:58 Wire.java DEBUG [Forwarding quit on session ea040e42300c7d49e54874b65206d1b9 to remote] http.wire 87 - http-outgoing-194 &lt;&lt; &quot;{&quot;sessionId&quot;:&quot;ea040e42300c7d49e54874b65206d1b9&quot;,&quot;status&quot;:0,&quot;value&quot;:null}&quot;
12-25-2017 21:22:58 LoggingManagedHttpClientConnection.java DEBUG [Forwarding quit on session ea040e42300c7d49e54874b65206d1b9 to remote] http.headers 122 - http-outgoing-194 &lt;&lt; HTTP/1.1 200 OK
12-25-2017 21:22:58 LoggingManagedHttpClientConnection.java DEBUG [Forwarding quit on session ea040e42300c7d49e54874b65206d1b9 to remote] http.headers 125 - http-outgoing-194 &lt;&lt; Content-Length:72
12-25-2017 21:22:58 LoggingManagedHttpClientConnection.java DEBUG [Forwarding quit on session ea040e42300c7d49e54874b65206d1b9 to remote] http.headers 125 - http-outgoing-194 &lt;&lt; Content-Type:application/json; charset=utf-8
12-25-2017 21:22:58 LoggingManagedHttpClientConnection.java DEBUG [Forwarding quit on session ea040e42300c7d49e54874b65206d1b9 to remote] http.headers 125 - http-outgoing-194 &lt;&lt; Connection:close
12-25-2017 21:22:58 LoggingManagedHttpClientConnection.java DEBUG [Forwarding quit on session ea040e42300c7d49e54874b65206d1b9 to remote] conn.DefaultManagedHttpClientConnection 79 - http-outgoing-194: Close connection
12-25-2017 21:22:58 ConnectionHolder.java DEBUG [Forwarding quit on session ea040e42300c7d49e54874b65206d1b9 to remote] execchain.MainClientExec 104 - Connection discarded
12-25-2017 21:22:58 PoolingHttpClientConnectionManager.java DEBUG [Forwarding quit on session ea040e42300c7d49e54874b65206d1b9 to remote] conn.PoolingHttpClientConnectionManager 326 - Connection released: [id: 194][route: {}-&gt;http://localhost:31686][total kept alive: 0; route allocated: 0 of 2000; total allocated: 0 of 2000]
12-25-2017 21:22:58 PoolingHttpClientConnectionManager.java DEBUG [Forwarding quit on session ea040e42300c7d49e54874b65206d1b9 to remote] conn.PoolingHttpClientConnectionManager 407 - Closing connections idle longer than 0 SECONDS
12-25-2017 21:23:00 RequestAddCookies.java DEBUG [Forwarding newSession on session null to remote] protocol.RequestAddCookies 123 - CookieSpec selected: default
12-25-2017 21:23:00 RequestAuthCache.java DEBUG [Forwarding newSession on session null to remote] protocol.RequestAuthCache 77 - Auth cache not set in the context
12-25-2017 21:23:00 PoolingHttpClientConnectionManager.java DEBUG [Forwarding newSession on session null to remote] conn.PoolingHttpClientConnectionManager 255 - Connection request: [route: {}-&gt;http://localhost:28708][total kept alive: 0; route allocated: 0 of 2000; total allocated: 0 of 2000]
12-25-2017 21:23:00 PoolingHttpClientConnectionManager.java DEBUG [Forwarding newSession on session null to remote] conn.PoolingHttpClientConnectionManager 288 - Connection leased: [id: 195][route: {}-&gt;http://localhost:28708][total kept alive: 0; route allocated: 1 of 2000; total allocated: 1 of 2000]
12-25-2017 21:23:00 MainClientExec.java DEBUG [Forwarding newSession on session null to remote] execchain.MainClientExec 235 - Opening connection {}-&gt;http://localhost:28708
12-25-2017 21:23:00 DefaultHttpClientConnectionOperator.java DEBUG [Forwarding newSession on session null to remote] conn.DefaultHttpClientConnectionOperator 139 - Connecting to localhost/127.0.0.1:28708
12-25-2017 21:23:00 DefaultHttpClientConnectionOperator.java DEBUG [Forwarding newSession on session null to remote] conn.DefaultHttpClientConnectionOperator 146 - Connection established 127.0.0.1:50462&lt;-&gt;127.0.0.1:28708
12-25-2017 21:23:00 LoggingManagedHttpClientConnection.java DEBUG [Forwarding newSession on session null to remote] conn.DefaultManagedHttpClientConnection 88 - http-outgoing-195: set socket timeout to 10800000
12-25-2017 21:23:00 MainClientExec.java DEBUG [Forwarding newSession on session null to remote] execchain.MainClientExec 256 - Executing request POST /session HTTP/1.1
12-25-2017 21:23:00 MainClientExec.java DEBUG [Forwarding newSession on session null to remote] execchain.MainClientExec 261 - Target auth state: UNCHALLENGED
12-25-2017 21:23:00 MainClientExec.java DEBUG [Forwarding newSession on session null to remote] execchain.MainClientExec 267 - Proxy auth state: UNCHALLENGED
12-25-2017 21:23:00 LoggingManagedHttpClientConnection.java DEBUG [Forwarding newSession on session null to remote] http.headers 133 - http-outgoing-195 &gt;&gt; POST /session HTTP/1.1
12-25-2017 21:23:00 LoggingManagedHttpClientConnection.java DEBUG [Forwarding newSession on session null to remote] http.headers 136 - http-outgoing-195 &gt;&gt; Content-Type: application/json; charset=utf-8
12-25-2017 21:23:00 LoggingManagedHttpClientConnection.java DEBUG [Forwarding newSession on session null to remote] http.headers 136 - http-outgoing-195 &gt;&gt; Content-Length: 560
12-25-2017 21:23:00 LoggingManagedHttpClientConnection.java DEBUG [Forwarding newSession on session null to remote] http.headers 136 - http-outgoing-195 &gt;&gt; Host: localhost:28708
12-25-2017 21:23:00 LoggingManagedHttpClientConnection.java DEBUG [Forwarding newSession on session null to remote] http.headers 136 - http-outgoing-195 &gt;&gt; Connection: Keep-Alive
12-25-2017 21:23:00 LoggingManagedHttpClientConnection.java DEBUG [Forwarding newSession on session null to remote] http.headers 136 - http-outgoing-195 &gt;&gt; User-Agent: Apache-HttpClient/4.5.3 (Java/1.8.0_151)
12-25-2017 21:23:00 LoggingManagedHttpClientConnection.java DEBUG [Forwarding newSession on session null to remote] http.headers 136 - http-outgoing-195 &gt;&gt; Accept-Encoding: gzip,deflate
12-25-2017 21:23:00 Wire.java DEBUG [Forwarding newSession on session null to remote] http.wire 73 - http-outgoing-195 &gt;&gt; &quot;POST /session HTTP/1.1[\r][\n]&quot;
12-25-2017 21:23:00 Wire.java DEBUG [Forwarding newSession on session null to remote] http.wire 73 - http-outgoing-195 &gt;&gt; &quot;Content-Type: application/json; charset=utf-8[\r][\n]&quot;
12-25-2017 21:23:00 Wire.java DEBUG [Forwarding newSession on session null to remote] http.wire 73 - http-outgoing-195 &gt;&gt; &quot;Content-Length: 560[\r][\n]&quot;
12-25-2017 21:23:00 Wire.java DEBUG [Forwarding newSession on session null to remote] http.wire 73 - http-outgoing-195 &gt;&gt; &quot;Host: localhost:28708[\r][\n]&quot;
12-25-2017 21:23:00 Wire.java DEBUG [Forwarding newSession on session null to remote] http.wire 73 - http-outgoing-195 &gt;&gt; &quot;Connection: Keep-Alive[\r][\n]&quot;
12-25-2017 21:23:00 Wire.java DEBUG [Forwarding newSession on session null to remote] http.wire 73 - http-outgoing-195 &gt;&gt; &quot;User-Agent: Apache-HttpClient/4.5.3 (Java/1.8.0_151)[\r][\n]&quot;
12-25-2017 21:23:00 Wire.java DEBUG [Forwarding newSession on session null to remote] http.wire 73 - http-outgoing-195 &gt;&gt; &quot;Accept-Encoding: gzip,deflate[\r][\n]&quot;
12-25-2017 21:23:00 Wire.java DEBUG [Forwarding newSession on session null to remote] http.wire 73 - http-outgoing-195 &gt;&gt; &quot;[\r][\n]&quot;
12-25-2017 21:23:00 Wire.java DEBUG [Forwarding newSession on session null to remote] http.wire 73 - http-outgoing-195 &gt;&gt; &quot;{[\n]&quot;
12-25-2017 21:23:00 Wire.java DEBUG [Forwarding newSession on session null to remote] http.wire 73 - http-outgoing-195 &gt;&gt; &quot;  &quot;desiredCapabilities&quot;: {[\n]&quot;
12-25-2017 21:23:00 Wire.java DEBUG [Forwarding newSession on session null to remote] http.wire 73 - http-outgoing-195 &gt;&gt; &quot;    &quot;browserName&quot;: &quot;chrome&quot;,[\n]&quot;
12-25-2017 21:23:00 Wire.java DEBUG [Forwarding newSession on session null to remote] http.wire 73 - http-outgoing-195 &gt;&gt; &quot;    &quot;goog:chromeOptions&quot;: {[\n]&quot;
12-25-2017 21:23:00 Wire.java DEBUG [Forwarding newSession on session null to remote] http.wire 73 - http-outgoing-195 &gt;&gt; &quot;      &quot;args&quot;: [],[\n]&quot;
12-25-2017 21:23:00 Wire.java DEBUG [Forwarding newSession on session null to remote] http.wire 73 - http-outgoing-195 &gt;&gt; &quot;      &quot;extensions&quot;: [][\n]&quot;
12-25-2017 21:23:00 Wire.java DEBUG [Forwarding newSession on session null to remote] http.wire 73 - http-outgoing-195 &gt;&gt; &quot;    }[\n]&quot;
12-25-2017 21:23:00 Wire.java DEBUG [Forwarding newSession on session null to remote] http.wire 73 - http-outgoing-195 &gt;&gt; &quot;  },[\n]&quot;
12-25-2017 21:23:00 Wire.java DEBUG [Forwarding newSession on session null to remote] http.wire 73 - http-outgoing-195 &gt;&gt; &quot;  &quot;requiredCapabilities&quot;: {},[\n]&quot;
12-25-2017 21:23:00 Wire.java DEBUG [Forwarding newSession on session null to remote] http.wire 73 - http-outgoing-195 &gt;&gt; &quot;  &quot;capabilities&quot;: {[\n]&quot;
12-25-2017 21:23:00 Wire.java DEBUG [Forwarding newSession on session null to remote] http.wire 73 - http-outgoing-195 &gt;&gt; &quot;    &quot;desiredCapabilities&quot;: {[\n]&quot;
12-25-2017 21:23:00 Wire.java DEBUG [Forwarding newSession on session null to remote] http.wire 73 - http-outgoing-195 &gt;&gt; &quot;      &quot;browserName&quot;: &quot;chrome&quot;,[\n]&quot;
12-25-2017 21:23:00 Wire.java DEBUG [Forwarding newSession on session null to remote] http.wire 73 - http-outgoing-195 &gt;&gt; &quot;      &quot;goog:chromeOptions&quot;: {[\n]&quot;
12-25-2017 21:23:00 Wire.java DEBUG [Forwarding newSession on session null to remote] http.wire 73 - http-outgoing-195 &gt;&gt; &quot;        &quot;args&quot;: [],[\n]&quot;
12-25-2017 21:23:00 Wire.java DEBUG [Forwarding newSession on session null to remote] http.wire 73 - http-outgoing-195 &gt;&gt; &quot;        &quot;extensions&quot;: [][\n]&quot;
12-25-2017 21:23:00 Wire.java DEBUG [Forwarding newSession on session null to remote] http.wire 73 - http-outgoing-195 &gt;&gt; &quot;      }[\n]&quot;
12-25-2017 21:23:00 Wire.java DEBUG [Forwarding newSession on session null to remote] http.wire 73 - http-outgoing-195 &gt;&gt; &quot;    },[\n]&quot;
12-25-2017 21:23:00 Wire.java DEBUG [Forwarding newSession on session null to remote] http.wire 73 - http-outgoing-195 &gt;&gt; &quot;    &quot;requiredCapabilities&quot;: {},[\n]&quot;
12-25-2017 21:23:00 Wire.java DEBUG [Forwarding newSession on session null to remote] http.wire 73 - http-outgoing-195 &gt;&gt; &quot;    &quot;alwaysMatch&quot;: {[\n]&quot;
12-25-2017 21:23:00 Wire.java DEBUG [Forwarding newSession on session null to remote] http.wire 73 - http-outgoing-195 &gt;&gt; &quot;      &quot;goog:chromeOptions&quot;: {[\n]&quot;
12-25-2017 21:23:00 Wire.java DEBUG [Forwarding newSession on session null to remote] http.wire 73 - http-outgoing-195 &gt;&gt; &quot;        &quot;args&quot;: [],[\n]&quot;
12-25-2017 21:23:00 Wire.java DEBUG [Forwarding newSession on session null to remote] http.wire 73 - http-outgoing-195 &gt;&gt; &quot;        &quot;extensions&quot;: [][\n]&quot;
12-25-2017 21:23:00 Wire.java DEBUG [Forwarding newSession on session null to remote] http.wire 73 - http-outgoing-195 &gt;&gt; &quot;      }[\n]&quot;
12-25-2017 21:23:00 Wire.java DEBUG [Forwarding newSession on session null to remote] http.wire 73 - http-outgoing-195 &gt;&gt; &quot;    },[\n]&quot;
12-25-2017 21:23:00 Wire.java DEBUG [Forwarding newSession on session null to remote] http.wire 73 - http-outgoing-195 &gt;&gt; &quot;    &quot;firstMatch&quot;: [[\n]&quot;
12-25-2017 21:23:00 Wire.java DEBUG [Forwarding newSession on session null to remote] http.wire 73 - http-outgoing-195 &gt;&gt; &quot;      {[\n]&quot;
12-25-2017 21:23:00 Wire.java DEBUG [Forwarding newSession on session null to remote] http.wire 73 - http-outgoing-195 &gt;&gt; &quot;        &quot;browserName&quot;: &quot;chrome&quot;[\n]&quot;
12-25-2017 21:23:00 Wire.java DEBUG [Forwarding newSession on session null to remote] http.wire 73 - http-outgoing-195 &gt;&gt; &quot;      }[\n]&quot;
12-25-2017 21:23:00 Wire.java DEBUG [Forwarding newSession on session null to remote] http.wire 73 - http-outgoing-195 &gt;&gt; &quot;    ][\n]&quot;
12-25-2017 21:23:00 Wire.java DEBUG [Forwarding newSession on session null to remote] http.wire 73 - http-outgoing-195 &gt;&gt; &quot;  }[\n]&quot;
12-25-2017 21:23:00 Wire.java DEBUG [Forwarding newSession on session null to remote] http.wire 87 - http-outgoing-195 &gt;&gt; &quot;}&quot;
12-25-2017 21:23:02 Wire.java DEBUG [Forwarding newSession on session null to remote] http.wire 73 - http-outgoing-195 &lt;&lt; &quot;HTTP/1.1 200 OK[\r][\n]&quot;
12-25-2017 21:23:02 Wire.java DEBUG [Forwarding newSession on session null to remote] http.wire 73 - http-outgoing-195 &lt;&lt; &quot;Content-Length:800[\r][\n]&quot;
12-25-2017 21:23:02 Wire.java DEBUG [Forwarding newSession on session null to remote] http.wire 73 - http-outgoing-195 &lt;&lt; &quot;Content-Type:application/json; charset=utf-8[\r][\n]&quot;
12-25-2017 21:23:02 Wire.java DEBUG [Forwarding newSession on session null to remote] http.wire 73 - http-outgoing-195 &lt;&lt; &quot;Connection:close[\r][\n]&quot;
12-25-2017 21:23:02 Wire.java DEBUG [Forwarding newSession on session null to remote] http.wire 73 - http-outgoing-195 &lt;&lt; &quot;[\r][\n]&quot;
12-25-2017 21:23:02 Wire.java DEBUG [Forwarding newSession on session null to remote] http.wire 87 - http-outgoing-195 &lt;&lt; &quot;{&quot;sessionId&quot;:&quot;ed2bad967aeb764493be62336a00b0fe&quot;,&quot;status&quot;:0,&quot;value&quot;:{&quot;acceptSslCerts&quot;:true,&quot;applicationCacheEnabled&quot;:false,&quot;browserConnectionEnabled&quot;:false,&quot;browserName&quot;:&quot;chrome&quot;,&quot;chrome&quot;:{&quot;chromedriverVersion&quot;:&quot;2.33.506120 (e3e53437346286c0bc2d2dc9aa4915ba81d9023f)&quot;,&quot;userDataDir&quot;:&quot;C:\\Users\\Kitty\\AppData\\Local\\Temp\\scoped_dir8256_28664&quot;},&quot;cssSelectorsEnabled&quot;:true,&quot;databaseEnabled&quot;:false,&quot;handlesAlerts&quot;:true,&quot;hasTouchScreen&quot;:false,&quot;javascriptEnabled&quot;:true,&quot;locationContextEnabled&quot;:true,&quot;mobileEmulationEnabled&quot;:false,&quot;nativeEvents&quot;:true,&quot;networkConnectionEnabled&quot;:false,&quot;pageLoadStrategy&quot;:&quot;normal&quot;,&quot;platform&quot;:&quot;Windows NT&quot;,&quot;rotatable&quot;:false,&quot;setWindowRect&quot;:true,&quot;takesHeapSnapshot&quot;:true,&quot;takesScreenshot&quot;:true,&quot;unexpectedAlertBehaviour&quot;:&quot;&quot;,&quot;version&quot;:&quot;63.0.3239.108&quot;,&quot;webStorageEnabled&quot;:true}}&quot;
12-25-2017 21:23:02 LoggingManagedHttpClientConnection.java DEBUG [Forwarding newSession on session null to remote] http.headers 122 - http-outgoing-195 &lt;&lt; HTTP/1.1 200 OK
12-25-2017 21:23:02 LoggingManagedHttpClientConnection.java DEBUG [Forwarding newSession on session null to remote] http.headers 125 - http-outgoing-195 &lt;&lt; Content-Length:800
12-25-2017 21:23:02 LoggingManagedHttpClientConnection.java DEBUG [Forwarding newSession on session null to remote] http.headers 125 - http-outgoing-195 &lt;&lt; Content-Type:application/json; charset=utf-8
12-25-2017 21:23:02 LoggingManagedHttpClientConnection.java DEBUG [Forwarding newSession on session null to remote] http.headers 125 - http-outgoing-195 &lt;&lt; Connection:close
12-25-2017 21:23:02 LoggingManagedHttpClientConnection.java DEBUG [Forwarding newSession on session null to remote] conn.DefaultManagedHttpClientConnection 79 - http-outgoing-195: Close connection
12-25-2017 21:23:02 ConnectionHolder.java DEBUG [Forwarding newSession on session null to remote] execchain.MainClientExec 104 - Connection discarded
12-25-2017 21:23:02 PoolingHttpClientConnectionManager.java DEBUG [Forwarding newSession on session null to remote] conn.PoolingHttpClientConnectionManager 326 - Connection released: [id: 195][route: {}-&gt;http://localhost:28708][total kept alive: 0; route allocated: 0 of 2000; total allocated: 0 of 2000]
12-25-2017 21:23:02 RequestAddCookies.java DEBUG [Forwarding maximizeCurrentWindow on session ed2bad967aeb764493be62336a00b0fe to remote] protocol.RequestAddCookies 123 - CookieSpec selected: default
12-25-2017 21:23:02 RequestAuthCache.java DEBUG [Forwarding maximizeCurrentWindow on session ed2bad967aeb764493be62336a00b0fe to remote] protocol.RequestAuthCache 77 - Auth cache not set in the context
12-25-2017 21:23:02 PoolingHttpClientConnectionManager.java DEBUG [Forwarding maximizeCurrentWindow on session ed2bad967aeb764493be62336a00b0fe to remote] conn.PoolingHttpClientConnectionManager 255 - Connection request: [route: {}-&gt;http://localhost:28708][total kept alive: 0; route allocated: 0 of 2000; total allocated: 0 of 2000]
12-25-2017 21:23:02 PoolingHttpClientConnectionManager.java DEBUG [Forwarding maximizeCurrentWindow on session ed2bad967aeb764493be62336a00b0fe to remote] conn.PoolingHttpClientConnectionManager 288 - Connection leased: [id: 196][route: {}-&gt;http://localhost:28708][total kept alive: 0; route allocated: 1 of 2000; total allocated: 1 of 2000]
12-25-2017 21:23:02 MainClientExec.java DEBUG [Forwarding maximizeCurrentWindow on session ed2bad967aeb764493be62336a00b0fe to remote] execchain.MainClientExec 235 - Opening connection {}-&gt;http://localhost:28708
12-25-2017 21:23:02 DefaultHttpClientConnectionOperator.java DEBUG [Forwarding maximizeCurrentWindow on session ed2bad967aeb764493be62336a00b0fe to remote] conn.DefaultHttpClientConnectionOperator 139 - Connecting to localhost/127.0.0.1:28708
12-25-2017 21:23:02 DefaultHttpClientConnectionOperator.java DEBUG [Forwarding maximizeCurrentWindow on session ed2bad967aeb764493be62336a00b0fe to remote] conn.DefaultHttpClientConnectionOperator 146 - Connection established 127.0.0.1:50469&lt;-&gt;127.0.0.1:28708
12-25-2017 21:23:02 LoggingManagedHttpClientConnection.java DEBUG [Forwarding maximizeCurrentWindow on session ed2bad967aeb764493be62336a00b0fe to remote] conn.DefaultManagedHttpClientConnection 88 - http-outgoing-196: set socket timeout to 10800000
12-25-2017 21:23:02 MainClientExec.java DEBUG [Forwarding maximizeCurrentWindow on session ed2bad967aeb764493be62336a00b0fe to remote] execchain.MainClientExec 256 - Executing request POST /session/ed2bad967aeb764493be62336a00b0fe/window/current/maximize HTTP/1.1
12-25-2017 21:23:02 MainClientExec.java DEBUG [Forwarding maximizeCurrentWindow on session ed2bad967aeb764493be62336a00b0fe to remote] execchain.MainClientExec 261 - Target auth state: UNCHALLENGED
12-25-2017 21:23:02 MainClientExec.java DEBUG [Forwarding maximizeCurrentWindow on session ed2bad967aeb764493be62336a00b0fe to remote] execchain.MainClientExec 267 - Proxy auth state: UNCHALLENGED
12-25-2017 21:23:02 LoggingManagedHttpClientConnection.java DEBUG [Forwarding maximizeCurrentWindow on session ed2bad967aeb764493be62336a00b0fe to remote] http.headers 133 - http-outgoing-196 &gt;&gt; POST /session/ed2bad967aeb764493be62336a00b0fe/window/current/maximize HTTP/1.1
12-25-2017 21:23:02 LoggingManagedHttpClientConnection.java DEBUG [Forwarding maximizeCurrentWindow on session ed2bad967aeb764493be62336a00b0fe to remote] http.headers 136 - http-outgoing-196 &gt;&gt; Content-Type: application/json; charset=utf-8
12-25-2017 21:23:02 LoggingManagedHttpClientConnection.java DEBUG [Forwarding maximizeCurrentWindow on session ed2bad967aeb764493be62336a00b0fe to remote] http.headers 136 - http-outgoing-196 &gt;&gt; Content-Length: 45
12-25-2017 21:23:02 LoggingManagedHttpClientConnection.java DEBUG [Forwarding maximizeCurrentWindow on session ed2bad967aeb764493be62336a00b0fe to remote] http.headers 136 - http-outgoing-196 &gt;&gt; Host: localhost:28708
12-25-2017 21:23:02 LoggingManagedHttpClientConnection.java DEBUG [Forwarding maximizeCurrentWindow on session ed2bad967aeb764493be62336a00b0fe to remote] http.headers 136 - http-outgoing-196 &gt;&gt; Connection: Keep-Alive
12-25-2017 21:23:02 LoggingManagedHttpClientConnection.java DEBUG [Forwarding maximizeCurrentWindow on session ed2bad967aeb764493be62336a00b0fe to remote] http.headers 136 - http-outgoing-196 &gt;&gt; User-Agent: Apache-HttpClient/4.5.3 (Java/1.8.0_151)
12-25-2017 21:23:02 LoggingManagedHttpClientConnection.java DEBUG [Forwarding maximizeCurrentWindow on session ed2bad967aeb764493be62336a00b0fe to remote] http.headers 136 - http-outgoing-196 &gt;&gt; Accept-Encoding: gzip,deflate
12-25-2017 21:23:02 Wire.java DEBUG [Forwarding maximizeCurrentWindow on session ed2bad967aeb764493be62336a00b0fe to remote] http.wire 73 - http-outgoing-196 &gt;&gt; &quot;POST /session/ed2bad967aeb764493be62336a00b0fe/window/current/maximize HTTP/1.1[\r][\n]&quot;
12-25-2017 21:23:02 Wire.java DEBUG [Forwarding maximizeCurrentWindow on session ed2bad967aeb764493be62336a00b0fe to remote] http.wire 73 - http-outgoing-196 &gt;&gt; &quot;Content-Type: application/json; charset=utf-8[\r][\n]&quot;
12-25-2017 21:23:02 Wire.java DEBUG [Forwarding maximizeCurrentWindow on session ed2bad967aeb764493be62336a00b0fe to remote] http.wire 73 - http-outgoing-196 &gt;&gt; &quot;Content-Length: 45[\r][\n]&quot;
12-25-2017 21:23:02 Wire.java DEBUG [Forwarding maximizeCurrentWindow on session ed2bad967aeb764493be62336a00b0fe to remote] http.wire 73 - http-outgoing-196 &gt;&gt; &quot;Host: localhost:28708[\r][\n]&quot;
12-25-2017 21:23:02 Wire.java DEBUG [Forwarding maximizeCurrentWindow on session ed2bad967aeb764493be62336a00b0fe to remote] http.wire 73 - http-outgoing-196 &gt;&gt; &quot;Connection: Keep-Alive[\r][\n]&quot;
12-25-2017 21:23:02 Wire.java DEBUG [Forwarding maximizeCurrentWindow on session ed2bad967aeb764493be62336a00b0fe to remote] http.wire 73 - http-outgoing-196 &gt;&gt; &quot;User-Agent: Apache-HttpClient/4.5.3 (Java/1.8.0_151)[\r][\n]&quot;
12-25-2017 21:23:02 Wire.java DEBUG [Forwarding maximizeCurrentWindow on session ed2bad967aeb764493be62336a00b0fe to remote] http.wire 73 - http-outgoing-196 &gt;&gt; &quot;Accept-Encoding: gzip,deflate[\r][\n]&quot;
12-25-2017 21:23:02 Wire.java DEBUG [Forwarding maximizeCurrentWindow on session ed2bad967aeb764493be62336a00b0fe to remote] http.wire 73 - http-outgoing-196 &gt;&gt; &quot;[\r][\n]&quot;
12-25-2017 21:23:02 Wire.java DEBUG [Forwarding maximizeCurrentWindow on session ed2bad967aeb764493be62336a00b0fe to remote] http.wire 87 - http-outgoing-196 &gt;&gt; &quot;{&quot;windowHandle&quot;:&quot;current&quot;,&quot;handle&quot;:&quot;current&quot;}&quot;
12-25-2017 21:23:03 Wire.java DEBUG [Forwarding maximizeCurrentWindow on session ed2bad967aeb764493be62336a00b0fe to remote] http.wire 73 - http-outgoing-196 &lt;&lt; &quot;HTTP/1.1 200 OK[\r][\n]&quot;
12-25-2017 21:23:03 Wire.java DEBUG [Forwarding maximizeCurrentWindow on session ed2bad967aeb764493be62336a00b0fe to remote] http.wire 73 - http-outgoing-196 &lt;&lt; &quot;Content-Length:72[\r][\n]&quot;
12-25-2017 21:23:03 Wire.java DEBUG [Forwarding maximizeCurrentWindow on session ed2bad967aeb764493be62336a00b0fe to remote] http.wire 73 - http-outgoing-196 &lt;&lt; &quot;Content-Type:application/json; charset=utf-8[\r][\n]&quot;
12-25-2017 21:23:03 Wire.java DEBUG [Forwarding maximizeCurrentWindow on session ed2bad967aeb764493be62336a00b0fe to remote] http.wire 73 - http-outgoing-196 &lt;&lt; &quot;Connection:close[\r][\n]&quot;
12-25-2017 21:23:03 Wire.java DEBUG [Forwarding maximizeCurrentWindow on session ed2bad967aeb764493be62336a00b0fe to remote] http.wire 73 - http-outgoing-196 &lt;&lt; &quot;[\r][\n]&quot;
12-25-2017 21:23:03 Wire.java DEBUG [Forwarding maximizeCurrentWindow on session ed2bad967aeb764493be62336a00b0fe to remote] http.wire 87 - http-outgoing-196 &lt;&lt; &quot;{&quot;sessionId&quot;:&quot;ed2bad967aeb764493be62336a00b0fe&quot;,&quot;status&quot;:0,&quot;value&quot;:null}&quot;
12-25-2017 21:23:03 LoggingManagedHttpClientConnection.java DEBUG [Forwarding maximizeCurrentWindow on session ed2bad967aeb764493be62336a00b0fe to remote] http.headers 122 - http-outgoing-196 &lt;&lt; HTTP/1.1 200 OK
12-25-2017 21:23:03 LoggingManagedHttpClientConnection.java DEBUG [Forwarding maximizeCurrentWindow on session ed2bad967aeb764493be62336a00b0fe to remote] http.headers 125 - http-outgoing-196 &lt;&lt; Content-Length:72
12-25-2017 21:23:03 LoggingManagedHttpClientConnection.java DEBUG [Forwarding maximizeCurrentWindow on session ed2bad967aeb764493be62336a00b0fe to remote] http.headers 125 - http-outgoing-196 &lt;&lt; Content-Type:application/json; charset=utf-8
12-25-2017 21:23:03 LoggingManagedHttpClientConnection.java DEBUG [Forwarding maximizeCurrentWindow on session ed2bad967aeb764493be62336a00b0fe to remote] http.headers 125 - http-outgoing-196 &lt;&lt; Connection:close
12-25-2017 21:23:03 LoggingManagedHttpClientConnection.java DEBUG [Forwarding maximizeCurrentWindow on session ed2bad967aeb764493be62336a00b0fe to remote] conn.DefaultManagedHttpClientConnection 79 - http-outgoing-196: Close connection
12-25-2017 21:23:03 ConnectionHolder.java DEBUG [Forwarding maximizeCurrentWindow on session ed2bad967aeb764493be62336a00b0fe to remote] execchain.MainClientExec 104 - Connection discarded
12-25-2017 21:23:03 PoolingHttpClientConnectionManager.java DEBUG [Forwarding maximizeCurrentWindow on session ed2bad967aeb764493be62336a00b0fe to remote] conn.PoolingHttpClientConnectionManager 326 - Connection released: [id: 196][route: {}-&gt;http://localhost:28708][total kept alive: 0; route allocated: 0 of 2000; total allocated: 0 of 2000]
12-25-2017 21:23:03 RequestAddCookies.java DEBUG [Forwarding deleteAllCookies on session ed2bad967aeb764493be62336a00b0fe to remote] protocol.RequestAddCookies 123 - CookieSpec selected: default
12-25-2017 21:23:03 RequestAuthCache.java DEBUG [Forwarding deleteAllCookies on session ed2bad967aeb764493be62336a00b0fe to remote] protocol.RequestAuthCache 77 - Auth cache not set in the context
12-25-2017 21:23:03 PoolingHttpClientConnectionManager.java DEBUG [Forwarding deleteAllCookies on session ed2bad967aeb764493be62336a00b0fe to remote] conn.PoolingHttpClientConnectionManager 255 - Connection request: [route: {}-&gt;http://localhost:28708][total kept alive: 0; route allocated: 0 of 2000; total allocated: 0 of 2000]
12-25-2017 21:23:03 PoolingHttpClientConnectionManager.java DEBUG [Forwarding deleteAllCookies on session ed2bad967aeb764493be62336a00b0fe to remote] conn.PoolingHttpClientConnectionManager 288 - Connection leased: [id: 197][route: {}-&gt;http://localhost:28708][total kept alive: 0; route allocated: 1 of 2000; total allocated: 1 of 2000]
12-25-2017 21:23:03 MainClientExec.java DEBUG [Forwarding deleteAllCookies on session ed2bad967aeb764493be62336a00b0fe to remote] execchain.MainClientExec 235 - Opening connection {}-&gt;http://localhost:28708
12-25-2017 21:23:03 DefaultHttpClientConnectionOperator.java DEBUG [Forwarding deleteAllCookies on session ed2bad967aeb764493be62336a00b0fe to remote] conn.DefaultHttpClientConnectionOperator 139 - Connecting to localhost/127.0.0.1:28708
12-25-2017 21:23:03 DefaultHttpClientConnectionOperator.java DEBUG [Forwarding deleteAllCookies on session ed2bad967aeb764493be62336a00b0fe to remote] conn.DefaultHttpClientConnectionOperator 146 - Connection established 127.0.0.1:50472&lt;-&gt;127.0.0.1:28708
12-25-2017 21:23:03 LoggingManagedHttpClientConnection.java DEBUG [Forwarding deleteAllCookies on session ed2bad967aeb764493be62336a00b0fe to remote] conn.DefaultManagedHttpClientConnection 88 - http-outgoing-197: set socket timeout to 10800000
12-25-2017 21:23:03 MainClientExec.java DEBUG [Forwarding deleteAllCookies on session ed2bad967aeb764493be62336a00b0fe to remote] execchain.MainClientExec 256 - Executing request DELETE /session/ed2bad967aeb764493be62336a00b0fe/cookie HTTP/1.1
12-25-2017 21:23:03 MainClientExec.java DEBUG [Forwarding deleteAllCookies on session ed2bad967aeb764493be62336a00b0fe to remote] execchain.MainClientExec 261 - Target auth state: UNCHALLENGED
12-25-2017 21:23:03 MainClientExec.java DEBUG [Forwarding deleteAllCookies on session ed2bad967aeb764493be62336a00b0fe to remote] execchain.MainClientExec 267 - Proxy auth state: UNCHALLENGED
12-25-2017 21:23:03 LoggingManagedHttpClientConnection.java DEBUG [Forwarding deleteAllCookies on session ed2bad967aeb764493be62336a00b0fe to remote] http.headers 133 - http-outgoing-197 &gt;&gt; DELETE /session/ed2bad967aeb764493be62336a00b0fe/cookie HTTP/1.1
12-25-2017 21:23:03 LoggingManagedHttpClientConnection.java DEBUG [Forwarding deleteAllCookies on session ed2bad967aeb764493be62336a00b0fe to remote] http.headers 136 - http-outgoing-197 &gt;&gt; Host: localhost:28708
12-25-2017 21:23:03 LoggingManagedHttpClientConnection.java DEBUG [Forwarding deleteAllCookies on session ed2bad967aeb764493be62336a00b0fe to remote] http.headers 136 - http-outgoing-197 &gt;&gt; Connection: Keep-Alive
12-25-2017 21:23:03 LoggingManagedHttpClientConnection.java DEBUG [Forwarding deleteAllCookies on session ed2bad967aeb764493be62336a00b0fe to remote] http.headers 136 - http-outgoing-197 &gt;&gt; User-Agent: Apache-HttpClient/4.5.3 (Java/1.8.0_151)
12-25-2017 21:23:03 LoggingManagedHttpClientConnection.java DEBUG [Forwarding deleteAllCookies on session ed2bad967aeb764493be62336a00b0fe to remote] http.headers 136 - http-outgoing-197 &gt;&gt; Accept-Encoding: gzip,deflate
12-25-2017 21:23:03 Wire.java DEBUG [Forwarding deleteAllCookies on session ed2bad967aeb764493be62336a00b0fe to remote] http.wire 73 - http-outgoing-197 &gt;&gt; &quot;DELETE /session/ed2bad967aeb764493be62336a00b0fe/cookie HTTP/1.1[\r][\n]&quot;
12-25-2017 21:23:03 Wire.java DEBUG [Forwarding deleteAllCookies on session ed2bad967aeb764493be62336a00b0fe to remote] http.wire 73 - http-outgoing-197 &gt;&gt; &quot;Host: localhost:28708[\r][\n]&quot;
12-25-2017 21:23:03 Wire.java DEBUG [Forwarding deleteAllCookies on session ed2bad967aeb764493be62336a00b0fe to remote] http.wire 73 - http-outgoing-197 &gt;&gt; &quot;Connection: Keep-Alive[\r][\n]&quot;
12-25-2017 21:23:03 Wire.java DEBUG [Forwarding deleteAllCookies on session ed2bad967aeb764493be62336a00b0fe to remote] http.wire 73 - http-outgoing-197 &gt;&gt; &quot;User-Agent: Apache-HttpClient/4.5.3 (Java/1.8.0_151)[\r][\n]&quot;
12-25-2017 21:23:03 Wire.java DEBUG [Forwarding deleteAllCookies on session ed2bad967aeb764493be62336a00b0fe to remote] http.wire 73 - http-outgoing-197 &gt;&gt; &quot;Accept-Encoding: gzip,deflate[\r][\n]&quot;
12-25-2017 21:23:03 Wire.java DEBUG [Forwarding deleteAllCookies on session ed2bad967aeb764493be62336a00b0fe to remote] http.wire 73 - http-outgoing-197 &gt;&gt; &quot;[\r][\n]&quot;
12-25-2017 21:23:03 Wire.java DEBUG [Forwarding deleteAllCookies on session ed2bad967aeb764493be62336a00b0fe to remote] http.wire 73 - http-outgoing-197 &lt;&lt; &quot;HTTP/1.1 200 OK[\r][\n]&quot;
12-25-2017 21:23:03 Wire.java DEBUG [Forwarding deleteAllCookies on session ed2bad967aeb764493be62336a00b0fe to remote] http.wire 73 - http-outgoing-197 &lt;&lt; &quot;Content-Length:72[\r][\n]&quot;
12-25-2017 21:23:03 Wire.java DEBUG [Forwarding deleteAllCookies on session ed2bad967aeb764493be62336a00b0fe to remote] http.wire 73 - http-outgoing-197 &lt;&lt; &quot;Content-Type:application/json; charset=utf-8[\r][\n]&quot;
12-25-2017 21:23:03 Wire.java DEBUG [Forwarding deleteAllCookies on session ed2bad967aeb764493be62336a00b0fe to remote] http.wire 73 - http-outgoing-197 &lt;&lt; &quot;Connection:close[\r][\n]&quot;
12-25-2017 21:23:03 Wire.java DEBUG [Forwarding deleteAllCookies on session ed2bad967aeb764493be62336a00b0fe to remote] http.wire 73 - http-outgoing-197 &lt;&lt; &quot;[\r][\n]&quot;
12-25-2017 21:23:03 Wire.java DEBUG [Forwarding deleteAllCookies on session ed2bad967aeb764493be62336a00b0fe to remote] http.wire 87 - http-outgoing-197 &lt;&lt; &quot;{&quot;sessionId&quot;:&quot;ed2bad967aeb764493be62336a00b0fe&quot;,&quot;status&quot;:0,&quot;value&quot;:null}&quot;
12-25-2017 21:23:03 LoggingManagedHttpClientConnection.java DEBUG [Forwarding deleteAllCookies on session ed2bad967aeb764493be62336a00b0fe to remote] http.headers 122 - http-outgoing-197 &lt;&lt; HTTP/1.1 200 OK
12-25-2017 21:23:03 LoggingManagedHttpClientConnection.java DEBUG [Forwarding deleteAllCookies on session ed2bad967aeb764493be62336a00b0fe to remote] http.headers 125 - http-outgoing-197 &lt;&lt; Content-Length:72
12-25-2017 21:23:03 LoggingManagedHttpClientConnection.java DEBUG [Forwarding deleteAllCookies on session ed2bad967aeb764493be62336a00b0fe to remote] http.headers 125 - http-outgoing-197 &lt;&lt; Content-Type:application/json; charset=utf-8
12-25-2017 21:23:03 LoggingManagedHttpClientConnection.java DEBUG [Forwarding deleteAllCookies on session ed2bad967aeb764493be62336a00b0fe to remote] http.headers 125 - http-outgoing-197 &lt;&lt; Connection:close
12-25-2017 21:23:03 LoggingManagedHttpClientConnection.java DEBUG [Forwarding deleteAllCookies on session ed2bad967aeb764493be62336a00b0fe to remote] conn.DefaultManagedHttpClientConnection 79 - http-outgoing-197: Close connection
12-25-2017 21:23:03 ConnectionHolder.java DEBUG [Forwarding deleteAllCookies on session ed2bad967aeb764493be62336a00b0fe to remote] execchain.MainClientExec 104 - Connection discarded
12-25-2017 21:23:03 PoolingHttpClientConnectionManager.java DEBUG [Forwarding deleteAllCookies on session ed2bad967aeb764493be62336a00b0fe to remote] conn.PoolingHttpClientConnectionManager 326 - Connection released: [id: 197][route: {}-&gt;http://localhost:28708][total kept alive: 0; route allocated: 0 of 2000; total allocated: 0 of 2000]
12-25-2017 21:23:03 RequestAddCookies.java DEBUG [Forwarding setTimeout on session ed2bad967aeb764493be62336a00b0fe to remote] protocol.RequestAddCookies 123 - CookieSpec selected: default
12-25-2017 21:23:03 RequestAuthCache.java DEBUG [Forwarding setTimeout on session ed2bad967aeb764493be62336a00b0fe to remote] protocol.RequestAuthCache 77 - Auth cache not set in the context
12-25-2017 21:23:03 PoolingHttpClientConnectionManager.java DEBUG [Forwarding setTimeout on session ed2bad967aeb764493be62336a00b0fe to remote] conn.PoolingHttpClientConnectionManager 255 - Connection request: [route: {}-&gt;http://localhost:28708][total kept alive: 0; route allocated: 0 of 2000; total allocated: 0 of 2000]
12-25-2017 21:23:03 PoolingHttpClientConnectionManager.java DEBUG [Forwarding setTimeout on session ed2bad967aeb764493be62336a00b0fe to remote] conn.PoolingHttpClientConnectionManager 288 - Connection leased: [id: 198][route: {}-&gt;http://localhost:28708][total kept alive: 0; route allocated: 1 of 2000; total allocated: 1 of 2000]
12-25-2017 21:23:03 MainClientExec.java DEBUG [Forwarding setTimeout on session ed2bad967aeb764493be62336a00b0fe to remote] execchain.MainClientExec 235 - Opening connection {}-&gt;http://localhost:28708
12-25-2017 21:23:03 DefaultHttpClientConnectionOperator.java DEBUG [Forwarding setTimeout on session ed2bad967aeb764493be62336a00b0fe to remote] conn.DefaultHttpClientConnectionOperator 139 - Connecting to localhost/127.0.0.1:28708
12-25-2017 21:23:03 DefaultHttpClientConnectionOperator.java DEBUG [Forwarding setTimeout on session ed2bad967aeb764493be62336a00b0fe to remote] conn.DefaultHttpClientConnectionOperator 146 - Connection established 127.0.0.1:50474&lt;-&gt;127.0.0.1:28708
12-25-2017 21:23:03 LoggingManagedHttpClientConnection.java DEBUG [Forwarding setTimeout on session ed2bad967aeb764493be62336a00b0fe to remote] conn.DefaultManagedHttpClientConnection 88 - http-outgoing-198: set socket timeout to 10800000
12-25-2017 21:23:03 MainClientExec.java DEBUG [Forwarding setTimeout on session ed2bad967aeb764493be62336a00b0fe to remote] execchain.MainClientExec 256 - Executing request POST /session/ed2bad967aeb764493be62336a00b0fe/timeouts HTTP/1.1
12-25-2017 21:23:03 MainClientExec.java DEBUG [Forwarding setTimeout on session ed2bad967aeb764493be62336a00b0fe to remote] execchain.MainClientExec 261 - Target auth state: UNCHALLENGED
12-25-2017 21:23:03 MainClientExec.java DEBUG [Forwarding setTimeout on session ed2bad967aeb764493be62336a00b0fe to remote] execchain.MainClientExec 267 - Proxy auth state: UNCHALLENGED
12-25-2017 21:23:03 LoggingManagedHttpClientConnection.java DEBUG [Forwarding setTimeout on session ed2bad967aeb764493be62336a00b0fe to remote] http.headers 133 - http-outgoing-198 &gt;&gt; POST /session/ed2bad967aeb764493be62336a00b0fe/timeouts HTTP/1.1
12-25-2017 21:23:03 LoggingManagedHttpClientConnection.java DEBUG [Forwarding setTimeout on session ed2bad967aeb764493be62336a00b0fe to remote] http.headers 136 - http-outgoing-198 &gt;&gt; Content-Type: application/json; charset=utf-8
12-25-2017 21:23:03 LoggingManagedHttpClientConnection.java DEBUG [Forwarding setTimeout on session ed2bad967aeb764493be62336a00b0fe to remote] http.headers 136 - http-outgoing-198 &gt;&gt; Content-Length: 31
12-25-2017 21:23:03 LoggingManagedHttpClientConnection.java DEBUG [Forwarding setTimeout on session ed2bad967aeb764493be62336a00b0fe to remote] http.headers 136 - http-outgoing-198 &gt;&gt; Host: localhost:28708
12-25-2017 21:23:03 LoggingManagedHttpClientConnection.java DEBUG [Forwarding setTimeout on session ed2bad967aeb764493be62336a00b0fe to remote] http.headers 136 - http-outgoing-198 &gt;&gt; Connection: Keep-Alive
12-25-2017 21:23:03 LoggingManagedHttpClientConnection.java DEBUG [Forwarding setTimeout on session ed2bad967aeb764493be62336a00b0fe to remote] http.headers 136 - http-outgoing-198 &gt;&gt; User-Agent: Apache-HttpClient/4.5.3 (Java/1.8.0_151)
12-25-2017 21:23:03 LoggingManagedHttpClientConnection.java DEBUG [Forwarding setTimeout on session ed2bad967aeb764493be62336a00b0fe to remote] http.headers 136 - http-outgoing-198 &gt;&gt; Accept-Encoding: gzip,deflate
12-25-2017 21:23:03 Wire.java DEBUG [Forwarding setTimeout on session ed2bad967aeb764493be62336a00b0fe to remote] http.wire 73 - http-outgoing-198 &gt;&gt; &quot;POST /session/ed2bad967aeb764493be62336a00b0fe/timeouts HTTP/1.1[\r][\n]&quot;
12-25-2017 21:23:03 Wire.java DEBUG [Forwarding setTimeout on session ed2bad967aeb764493be62336a00b0fe to remote] http.wire 73 - http-outgoing-198 &gt;&gt; &quot;Content-Type: application/json; charset=utf-8[\r][\n]&quot;
12-25-2017 21:23:03 Wire.java DEBUG [Forwarding setTimeout on session ed2bad967aeb764493be62336a00b0fe to remote] http.wire 73 - http-outgoing-198 &gt;&gt; &quot;Content-Length: 31[\r][\n]&quot;
12-25-2017 21:23:03 Wire.java DEBUG [Forwarding setTimeout on session ed2bad967aeb764493be62336a00b0fe to remote] http.wire 73 - http-outgoing-198 &gt;&gt; &quot;Host: localhost:28708[\r][\n]&quot;
12-25-2017 21:23:03 Wire.java DEBUG [Forwarding setTimeout on session ed2bad967aeb764493be62336a00b0fe to remote] http.wire 73 - http-outgoing-198 &gt;&gt; &quot;Connection: Keep-Alive[\r][\n]&quot;
12-25-2017 21:23:03 Wire.java DEBUG [Forwarding setTimeout on session ed2bad967aeb764493be62336a00b0fe to remote] http.wire 73 - http-outgoing-198 &gt;&gt; &quot;User-Agent: Apache-HttpClient/4.5.3 (Java/1.8.0_151)[\r][\n]&quot;
12-25-2017 21:23:03 Wire.java DEBUG [Forwarding setTimeout on session ed2bad967aeb764493be62336a00b0fe to remote] http.wire 73 - http-outgoing-198 &gt;&gt; &quot;Accept-Encoding: gzip,deflate[\r][\n]&quot;
12-25-2017 21:23:03 Wire.java DEBUG [Forwarding setTimeout on session ed2bad967aeb764493be62336a00b0fe to remote] http.wire 73 - http-outgoing-198 &gt;&gt; &quot;[\r][\n]&quot;
12-25-2017 21:23:03 Wire.java DEBUG [Forwarding setTimeout on session ed2bad967aeb764493be62336a00b0fe to remote] http.wire 87 - http-outgoing-198 &gt;&gt; &quot;{&quot;type&quot;:&quot;page load&quot;,&quot;ms&quot;:40000}&quot;
12-25-2017 21:23:03 Wire.java DEBUG [Forwarding setTimeout on session ed2bad967aeb764493be62336a00b0fe to remote] http.wire 73 - http-outgoing-198 &lt;&lt; &quot;HTTP/1.1 200 OK[\r][\n]&quot;
12-25-2017 21:23:03 Wire.java DEBUG [Forwarding setTimeout on session ed2bad967aeb764493be62336a00b0fe to remote] http.wire 73 - http-outgoing-198 &lt;&lt; &quot;Content-Length:72[\r][\n]&quot;
12-25-2017 21:23:03 Wire.java DEBUG [Forwarding setTimeout on session ed2bad967aeb764493be62336a00b0fe to remote] http.wire 73 - http-outgoing-198 &lt;&lt; &quot;Content-Type:application/json; charset=utf-8[\r][\n]&quot;
12-25-2017 21:23:03 Wire.java DEBUG [Forwarding setTimeout on session ed2bad967aeb764493be62336a00b0fe to remote] http.wire 73 - http-outgoing-198 &lt;&lt; &quot;Connection:close[\r][\n]&quot;
12-25-2017 21:23:03 Wire.java DEBUG [Forwarding setTimeout on session ed2bad967aeb764493be62336a00b0fe to remote] http.wire 73 - http-outgoing-198 &lt;&lt; &quot;[\r][\n]&quot;
12-25-2017 21:23:03 Wire.java DEBUG [Forwarding setTimeout on session ed2bad967aeb764493be62336a00b0fe to remote] http.wire 87 - http-outgoing-198 &lt;&lt; &quot;{&quot;sessionId&quot;:&quot;ed2bad967aeb764493be62336a00b0fe&quot;,&quot;status&quot;:0,&quot;value&quot;:null}&quot;
12-25-2017 21:23:03 LoggingManagedHttpClientConnection.java DEBUG [Forwarding setTimeout on session ed2bad967aeb764493be62336a00b0fe to remote] http.headers 122 - http-outgoing-198 &lt;&lt; HTTP/1.1 200 OK
12-25-2017 21:23:03 LoggingManagedHttpClientConnection.java DEBUG [Forwarding setTimeout on session ed2bad967aeb764493be62336a00b0fe to remote] http.headers 125 - http-outgoing-198 &lt;&lt; Content-Length:72
12-25-2017 21:23:03 LoggingManagedHttpClientConnection.java DEBUG [Forwarding setTimeout on session ed2bad967aeb764493be62336a00b0fe to remote] http.headers 125 - http-outgoing-198 &lt;&lt; Content-Type:application/json; charset=utf-8
12-25-2017 21:23:03 LoggingManagedHttpClientConnection.java DEBUG [Forwarding setTimeout on session ed2bad967aeb764493be62336a00b0fe to remote] http.headers 125 - http-outgoing-198 &lt;&lt; Connection:close
12-25-2017 21:23:03 LoggingManagedHttpClientConnection.java DEBUG [Forwarding setTimeout on session ed2bad967aeb764493be62336a00b0fe to remote] conn.DefaultManagedHttpClientConnection 79 - http-outgoing-198: Close connection
12-25-2017 21:23:03 ConnectionHolder.java DEBUG [Forwarding setTimeout on session ed2bad967aeb764493be62336a00b0fe to remote] execchain.MainClientExec 104 - Connection discarded
12-25-2017 21:23:03 PoolingHttpClientConnectionManager.java DEBUG [Forwarding setTimeout on session ed2bad967aeb764493be62336a00b0fe to remote] conn.PoolingHttpClientConnectionManager 326 - Connection released: [id: 198][route: {}-&gt;http://localhost:28708][total kept alive: 0; route allocated: 0 of 2000; total allocated: 0 of 2000]
12-25-2017 21:23:03 RequestAddCookies.java DEBUG [Forwarding setTimeout on session ed2bad967aeb764493be62336a00b0fe to remote] protocol.RequestAddCookies 123 - CookieSpec selected: default
12-25-2017 21:23:03 RequestAuthCache.java DEBUG [Forwarding setTimeout on session ed2bad967aeb764493be62336a00b0fe to remote] protocol.RequestAuthCache 77 - Auth cache not set in the context
12-25-2017 21:23:03 PoolingHttpClientConnectionManager.java DEBUG [Forwarding setTimeout on session ed2bad967aeb764493be62336a00b0fe to remote] conn.PoolingHttpClientConnectionManager 255 - Connection request: [route: {}-&gt;http://localhost:28708][total kept alive: 0; route allocated: 0 of 2000; total allocated: 0 of 2000]
12-25-2017 21:23:03 PoolingHttpClientConnectionManager.java DEBUG [Forwarding setTimeout on session ed2bad967aeb764493be62336a00b0fe to remote] conn.PoolingHttpClientConnectionManager 288 - Connection leased: [id: 199][route: {}-&gt;http://localhost:28708][total kept alive: 0; route allocated: 1 of 2000; total allocated: 1 of 2000]
12-25-2017 21:23:03 MainClientExec.java DEBUG [Forwarding setTimeout on session ed2bad967aeb764493be62336a00b0fe to remote] execchain.MainClientExec 235 - Opening connection {}-&gt;http://localhost:28708
12-25-2017 21:23:03 DefaultHttpClientConnectionOperator.java DEBUG [Forwarding setTimeout on session ed2bad967aeb764493be62336a00b0fe to remote] conn.DefaultHttpClientConnectionOperator 139 - Connecting to localhost/127.0.0.1:28708
12-25-2017 21:23:03 DefaultHttpClientConnectionOperator.java DEBUG [Forwarding setTimeout on session ed2bad967aeb764493be62336a00b0fe to remote] conn.DefaultHttpClientConnectionOperator 146 - Connection established 127.0.0.1:50475&lt;-&gt;127.0.0.1:28708
12-25-2017 21:23:03 LoggingManagedHttpClientConnection.java DEBUG [Forwarding setTimeout on session ed2bad967aeb764493be62336a00b0fe to remote] conn.DefaultManagedHttpClientConnection 88 - http-outgoing-199: set socket timeout to 10800000
12-25-2017 21:23:03 MainClientExec.java DEBUG [Forwarding setTimeout on session ed2bad967aeb764493be62336a00b0fe to remote] execchain.MainClientExec 256 - Executing request POST /session/ed2bad967aeb764493be62336a00b0fe/timeouts HTTP/1.1
12-25-2017 21:23:03 MainClientExec.java DEBUG [Forwarding setTimeout on session ed2bad967aeb764493be62336a00b0fe to remote] execchain.MainClientExec 261 - Target auth state: UNCHALLENGED
12-25-2017 21:23:03 MainClientExec.java DEBUG [Forwarding setTimeout on session ed2bad967aeb764493be62336a00b0fe to remote] execchain.MainClientExec 267 - Proxy auth state: UNCHALLENGED
12-25-2017 21:23:03 LoggingManagedHttpClientConnection.java DEBUG [Forwarding setTimeout on session ed2bad967aeb764493be62336a00b0fe to remote] http.headers 133 - http-outgoing-199 &gt;&gt; POST /session/ed2bad967aeb764493be62336a00b0fe/timeouts HTTP/1.1
12-25-2017 21:23:03 LoggingManagedHttpClientConnection.java DEBUG [Forwarding setTimeout on session ed2bad967aeb764493be62336a00b0fe to remote] http.headers 136 - http-outgoing-199 &gt;&gt; Content-Type: application/json; charset=utf-8
12-25-2017 21:23:03 LoggingManagedHttpClientConnection.java DEBUG [Forwarding setTimeout on session ed2bad967aeb764493be62336a00b0fe to remote] http.headers 136 - http-outgoing-199 &gt;&gt; Content-Length: 30
12-25-2017 21:23:03 LoggingManagedHttpClientConnection.java DEBUG [Forwarding setTimeout on session ed2bad967aeb764493be62336a00b0fe to remote] http.headers 136 - http-outgoing-199 &gt;&gt; Host: localhost:28708
12-25-2017 21:23:03 LoggingManagedHttpClientConnection.java DEBUG [Forwarding setTimeout on session ed2bad967aeb764493be62336a00b0fe to remote] http.headers 136 - http-outgoing-199 &gt;&gt; Connection: Keep-Alive
12-25-2017 21:23:03 LoggingManagedHttpClientConnection.java DEBUG [Forwarding setTimeout on session ed2bad967aeb764493be62336a00b0fe to remote] http.headers 136 - http-outgoing-199 &gt;&gt; User-Agent: Apache-HttpClient/4.5.3 (Java/1.8.0_151)
12-25-2017 21:23:03 LoggingManagedHttpClientConnection.java DEBUG [Forwarding setTimeout on session ed2bad967aeb764493be62336a00b0fe to remote] http.headers 136 - http-outgoing-199 &gt;&gt; Accept-Encoding: gzip,deflate
12-25-2017 21:23:03 Wire.java DEBUG [Forwarding setTimeout on session ed2bad967aeb764493be62336a00b0fe to remote] http.wire 73 - http-outgoing-199 &gt;&gt; &quot;POST /session/ed2bad967aeb764493be62336a00b0fe/timeouts HTTP/1.1[\r][\n]&quot;
12-25-2017 21:23:03 Wire.java DEBUG [Forwarding setTimeout on session ed2bad967aeb764493be62336a00b0fe to remote] http.wire 73 - http-outgoing-199 &gt;&gt; &quot;Content-Type: application/json; charset=utf-8[\r][\n]&quot;
12-25-2017 21:23:03 Wire.java DEBUG [Forwarding setTimeout on session ed2bad967aeb764493be62336a00b0fe to remote] http.wire 73 - http-outgoing-199 &gt;&gt; &quot;Content-Length: 30[\r][\n]&quot;
12-25-2017 21:23:03 Wire.java DEBUG [Forwarding setTimeout on session ed2bad967aeb764493be62336a00b0fe to remote] http.wire 73 - http-outgoing-199 &gt;&gt; &quot;Host: localhost:28708[\r][\n]&quot;
12-25-2017 21:23:03 Wire.java DEBUG [Forwarding setTimeout on session ed2bad967aeb764493be62336a00b0fe to remote] http.wire 73 - http-outgoing-199 &gt;&gt; &quot;Connection: Keep-Alive[\r][\n]&quot;
12-25-2017 21:23:03 Wire.java DEBUG [Forwarding setTimeout on session ed2bad967aeb764493be62336a00b0fe to remote] http.wire 73 - http-outgoing-199 &gt;&gt; &quot;User-Agent: Apache-HttpClient/4.5.3 (Java/1.8.0_151)[\r][\n]&quot;
12-25-2017 21:23:03 Wire.java DEBUG [Forwarding setTimeout on session ed2bad967aeb764493be62336a00b0fe to remote] http.wire 73 - http-outgoing-199 &gt;&gt; &quot;Accept-Encoding: gzip,deflate[\r][\n]&quot;
12-25-2017 21:23:03 Wire.java DEBUG [Forwarding setTimeout on session ed2bad967aeb764493be62336a00b0fe to remote] http.wire 73 - http-outgoing-199 &gt;&gt; &quot;[\r][\n]&quot;
12-25-2017 21:23:03 Wire.java DEBUG [Forwarding setTimeout on session ed2bad967aeb764493be62336a00b0fe to remote] http.wire 87 - http-outgoing-199 &gt;&gt; &quot;{&quot;type&quot;:&quot;implicit&quot;,&quot;ms&quot;:20000}&quot;
12-25-2017 21:23:03 Wire.java DEBUG [Forwarding setTimeout on session ed2bad967aeb764493be62336a00b0fe to remote] http.wire 73 - http-outgoing-199 &lt;&lt; &quot;HTTP/1.1 200 OK[\r][\n]&quot;
12-25-2017 21:23:03 Wire.java DEBUG [Forwarding setTimeout on session ed2bad967aeb764493be62336a00b0fe to remote] http.wire 73 - http-outgoing-199 &lt;&lt; &quot;Content-Length:72[\r][\n]&quot;
12-25-2017 21:23:03 Wire.java DEBUG [Forwarding setTimeout on session ed2bad967aeb764493be62336a00b0fe to remote] http.wire 73 - http-outgoing-199 &lt;&lt; &quot;Content-Type:application/json; charset=utf-8[\r][\n]&quot;
12-25-2017 21:23:03 Wire.java DEBUG [Forwarding setTimeout on session ed2bad967aeb764493be62336a00b0fe to remote] http.wire 73 - http-outgoing-199 &lt;&lt; &quot;Connection:close[\r][\n]&quot;
12-25-2017 21:23:03 Wire.java DEBUG [Forwarding setTimeout on session ed2bad967aeb764493be62336a00b0fe to remote] http.wire 73 - http-outgoing-199 &lt;&lt; &quot;[\r][\n]&quot;
12-25-2017 21:23:03 Wire.java DEBUG [Forwarding setTimeout on session ed2bad967aeb764493be62336a00b0fe to remote] http.wire 87 - http-outgoing-199 &lt;&lt; &quot;{&quot;sessionId&quot;:&quot;ed2bad967aeb764493be62336a00b0fe&quot;,&quot;status&quot;:0,&quot;value&quot;:null}&quot;
12-25-2017 21:23:03 LoggingManagedHttpClientConnection.java DEBUG [Forwarding setTimeout on session ed2bad967aeb764493be62336a00b0fe to remote] http.headers 122 - http-outgoing-199 &lt;&lt; HTTP/1.1 200 OK
12-25-2017 21:23:03 LoggingManagedHttpClientConnection.java DEBUG [Forwarding setTimeout on session ed2bad967aeb764493be62336a00b0fe to remote] http.headers 125 - http-outgoing-199 &lt;&lt; Content-Length:72
12-25-2017 21:23:03 LoggingManagedHttpClientConnection.java DEBUG [Forwarding setTimeout on session ed2bad967aeb764493be62336a00b0fe to remote] http.headers 125 - http-outgoing-199 &lt;&lt; Content-Type:application/json; charset=utf-8
12-25-2017 21:23:03 LoggingManagedHttpClientConnection.java DEBUG [Forwarding setTimeout on session ed2bad967aeb764493be62336a00b0fe to remote] http.headers 125 - http-outgoing-199 &lt;&lt; Connection:close
12-25-2017 21:23:03 LoggingManagedHttpClientConnection.java DEBUG [Forwarding setTimeout on session ed2bad967aeb764493be62336a00b0fe to remote] conn.DefaultManagedHttpClientConnection 79 - http-outgoing-199: Close connection
12-25-2017 21:23:03 ConnectionHolder.java DEBUG [Forwarding setTimeout on session ed2bad967aeb764493be62336a00b0fe to remote] execchain.MainClientExec 104 - Connection discarded
12-25-2017 21:23:03 PoolingHttpClientConnectionManager.java DEBUG [Forwarding setTimeout on session ed2bad967aeb764493be62336a00b0fe to remote] conn.PoolingHttpClientConnectionManager 326 - Connection released: [id: 199][route: {}-&gt;http://localhost:28708][total kept alive: 0; route allocated: 0 of 2000; total allocated: 0 of 2000]
12-25-2017 21:23:03 RequestAddCookies.java DEBUG [Forwarding get on session ed2bad967aeb764493be62336a00b0fe to remote] protocol.RequestAddCookies 123 - CookieSpec selected: default
12-25-2017 21:23:03 RequestAuthCache.java DEBUG [Forwarding get on session ed2bad967aeb764493be62336a00b0fe to remote] protocol.RequestAuthCache 77 - Auth cache not set in the context
12-25-2017 21:23:03 PoolingHttpClientConnectionManager.java DEBUG [Forwarding get on session ed2bad967aeb764493be62336a00b0fe to remote] conn.PoolingHttpClientConnectionManager 255 - Connection request: [route: {}-&gt;http://localhost:28708][total kept alive: 0; route allocated: 0 of 2000; total allocated: 0 of 2000]
12-25-2017 21:23:03 PoolingHttpClientConnectionManager.java DEBUG [Forwarding get on session ed2bad967aeb764493be62336a00b0fe to remote] conn.PoolingHttpClientConnectionManager 288 - Connection leased: [id: 200][route: {}-&gt;http://localhost:28708][total kept alive: 0; route allocated: 1 of 2000; total allocated: 1 of 2000]
12-25-2017 21:23:03 MainClientExec.java DEBUG [Forwarding get on session ed2bad967aeb764493be62336a00b0fe to remote] execchain.MainClientExec 235 - Opening connection {}-&gt;http://localhost:28708
12-25-2017 21:23:03 DefaultHttpClientConnectionOperator.java DEBUG [Forwarding get on session ed2bad967aeb764493be62336a00b0fe to remote] conn.DefaultHttpClientConnectionOperator 139 - Connecting to localhost/127.0.0.1:28708
12-25-2017 21:23:03 DefaultHttpClientConnectionOperator.java DEBUG [Forwarding get on session ed2bad967aeb764493be62336a00b0fe to remote] conn.DefaultHttpClientConnectionOperator 146 - Connection established 127.0.0.1:50476&lt;-&gt;127.0.0.1:28708
12-25-2017 21:23:03 LoggingManagedHttpClientConnection.java DEBUG [Forwarding get on session ed2bad967aeb764493be62336a00b0fe to remote] conn.DefaultManagedHttpClientConnection 88 - http-outgoing-200: set socket timeout to 10800000
12-25-2017 21:23:03 MainClientExec.java DEBUG [Forwarding get on session ed2bad967aeb764493be62336a00b0fe to remote] execchain.MainClientExec 256 - Executing request POST /session/ed2bad967aeb764493be62336a00b0fe/url HTTP/1.1
12-25-2017 21:23:03 MainClientExec.java DEBUG [Forwarding get on session ed2bad967aeb764493be62336a00b0fe to remote] execchain.MainClientExec 261 - Target auth state: UNCHALLENGED
12-25-2017 21:23:03 MainClientExec.java DEBUG [Forwarding get on session ed2bad967aeb764493be62336a00b0fe to remote] execchain.MainClientExec 267 - Proxy auth state: UNCHALLENGED
12-25-2017 21:23:03 LoggingManagedHttpClientConnection.java DEBUG [Forwarding get on session ed2bad967aeb764493be62336a00b0fe to remote] http.headers 133 - http-outgoing-200 &gt;&gt; POST /session/ed2bad967aeb764493be62336a00b0fe/url HTTP/1.1
12-25-2017 21:23:03 LoggingManagedHttpClientConnection.java DEBUG [Forwarding get on session ed2bad967aeb764493be62336a00b0fe to remote] http.headers 136 - http-outgoing-200 &gt;&gt; Content-Type: application/json; charset=utf-8
12-25-2017 21:23:03 LoggingManagedHttpClientConnection.java DEBUG [Forwarding get on session ed2bad967aeb764493be62336a00b0fe to remote] http.headers 136 - http-outgoing-200 &gt;&gt; Content-Length: 31
12-25-2017 21:23:03 LoggingManagedHttpClientConnection.java DEBUG [Forwarding get on session ed2bad967aeb764493be62336a00b0fe to remote] http.headers 136 - http-outgoing-200 &gt;&gt; Host: localhost:28708
12-25-2017 21:23:03 LoggingManagedHttpClientConnection.java DEBUG [Forwarding get on session ed2bad967aeb764493be62336a00b0fe to remote] http.headers 136 - http-outgoing-200 &gt;&gt; Connection: Keep-Alive
12-25-2017 21:23:03 LoggingManagedHttpClientConnection.java DEBUG [Forwarding get on session ed2bad967aeb764493be62336a00b0fe to remote] http.headers 136 - http-outgoing-200 &gt;&gt; User-Agent: Apache-HttpClient/4.5.3 (Java/1.8.0_151)
12-25-2017 21:23:03 LoggingManagedHttpClientConnection.java DEBUG [Forwarding get on session ed2bad967aeb764493be62336a00b0fe to remote] http.headers 136 - http-outgoing-200 &gt;&gt; Accept-Encoding: gzip,deflate
12-25-2017 21:23:03 Wire.java DEBUG [Forwarding get on session ed2bad967aeb764493be62336a00b0fe to remote] http.wire 73 - http-outgoing-200 &gt;&gt; &quot;POST /session/ed2bad967aeb764493be62336a00b0fe/url HTTP/1.1[\r][\n]&quot;
12-25-2017 21:23:03 Wire.java DEBUG [Forwarding get on session ed2bad967aeb764493be62336a00b0fe to remote] http.wire 73 - http-outgoing-200 &gt;&gt; &quot;Content-Type: application/json; charset=utf-8[\r][\n]&quot;
12-25-2017 21:23:03 Wire.java DEBUG [Forwarding get on session ed2bad967aeb764493be62336a00b0fe to remote] http.wire 73 - http-outgoing-200 &gt;&gt; &quot;Content-Length: 31[\r][\n]&quot;
12-25-2017 21:23:03 Wire.java DEBUG [Forwarding get on session ed2bad967aeb764493be62336a00b0fe to remote] http.wire 73 - http-outgoing-200 &gt;&gt; &quot;Host: localhost:28708[\r][\n]&quot;
12-25-2017 21:23:03 Wire.java DEBUG [Forwarding get on session ed2bad967aeb764493be62336a00b0fe to remote] http.wire 73 - http-outgoing-200 &gt;&gt; &quot;Connection: Keep-Alive[\r][\n]&quot;
12-25-2017 21:23:03 Wire.java DEBUG [Forwarding get on session ed2bad967aeb764493be62336a00b0fe to remote] http.wire 73 - http-outgoing-200 &gt;&gt; &quot;User-Agent: Apache-HttpClient/4.5.3 (Java/1.8.0_151)[\r][\n]&quot;
12-25-2017 21:23:03 Wire.java DEBUG [Forwarding get on session ed2bad967aeb764493be62336a00b0fe to remote] http.wire 73 - http-outgoing-200 &gt;&gt; &quot;Accept-Encoding: gzip,deflate[\r][\n]&quot;
12-25-2017 21:23:03 Wire.java DEBUG [Forwarding get on session ed2bad967aeb764493be62336a00b0fe to remote] http.wire 73 - http-outgoing-200 &gt;&gt; &quot;[\r][\n]&quot;
12-25-2017 21:23:03 Wire.java DEBUG [Forwarding get on session ed2bad967aeb764493be62336a00b0fe to remote] http.wire 87 - http-outgoing-200 &gt;&gt; &quot;{&quot;url&quot;:&quot;http://www.google.com&quot;}&quot;
12-25-2017 21:23:06 Wire.java DEBUG [Forwarding get on session ed2bad967aeb764493be62336a00b0fe to remote] http.wire 73 - http-outgoing-200 &lt;&lt; &quot;HTTP/1.1 200 OK[\r][\n]&quot;
12-25-2017 21:23:06 Wire.java DEBUG [Forwarding get on session ed2bad967aeb764493be62336a00b0fe to remote] http.wire 73 - http-outgoing-200 &lt;&lt; &quot;Content-Length:72[\r][\n]&quot;
12-25-2017 21:23:06 Wire.java DEBUG [Forwarding get on session ed2bad967aeb764493be62336a00b0fe to remote] http.wire 73 - http-outgoing-200 &lt;&lt; &quot;Content-Type:application/json; charset=utf-8[\r][\n]&quot;
12-25-2017 21:23:06 Wire.java DEBUG [Forwarding get on session ed2bad967aeb764493be62336a00b0fe to remote] http.wire 73 - http-outgoing-200 &lt;&lt; &quot;Connection:close[\r][\n]&quot;
12-25-2017 21:23:06 Wire.java DEBUG [Forwarding get on session ed2bad967aeb764493be62336a00b0fe to remote] http.wire 73 - http-outgoing-200 &lt;&lt; &quot;[\r][\n]&quot;
12-25-2017 21:23:06 Wire.java DEBUG [Forwarding get on session ed2bad967aeb764493be62336a00b0fe to remote] http.wire 87 - http-outgoing-200 &lt;&lt; &quot;{&quot;sessionId&quot;:&quot;ed2bad967aeb764493be62336a00b0fe&quot;,&quot;status&quot;:0,&quot;value&quot;:null}&quot;
12-25-2017 21:23:06 LoggingManagedHttpClientConnection.java DEBUG [Forwarding get on session ed2bad967aeb764493be62336a00b0fe to remote] http.headers 122 - http-outgoing-200 &lt;&lt; HTTP/1.1 200 OK
12-25-2017 21:23:06 LoggingManagedHttpClientConnection.java DEBUG [Forwarding get on session ed2bad967aeb764493be62336a00b0fe to remote] http.headers 125 - http-outgoing-200 &lt;&lt; Content-Length:72
12-25-2017 21:23:06 LoggingManagedHttpClientConnection.java DEBUG [Forwarding get on session ed2bad967aeb764493be62336a00b0fe to remote] http.headers 125 - http-outgoing-200 &lt;&lt; Content-Type:application/json; charset=utf-8
12-25-2017 21:23:06 LoggingManagedHttpClientConnection.java DEBUG [Forwarding get on session ed2bad967aeb764493be62336a00b0fe to remote] http.headers 125 - http-outgoing-200 &lt;&lt; Connection:close
12-25-2017 21:23:06 LoggingManagedHttpClientConnection.java DEBUG [Forwarding get on session ed2bad967aeb764493be62336a00b0fe to remote] conn.DefaultManagedHttpClientConnection 79 - http-outgoing-200: Close connection
12-25-2017 21:23:06 ConnectionHolder.java DEBUG [Forwarding get on session ed2bad967aeb764493be62336a00b0fe to remote] execchain.MainClientExec 104 - Connection discarded
12-25-2017 21:23:06 PoolingHttpClientConnectionManager.java DEBUG [Forwarding get on session ed2bad967aeb764493be62336a00b0fe to remote] conn.PoolingHttpClientConnectionManager 326 - Connection released: [id: 200][route: {}-&gt;http://localhost:28708][total kept alive: 0; route allocated: 0 of 2000; total allocated: 0 of 2000]
12-25-2017 21:23:06 RequestAddCookies.java DEBUG [Forwarding getTitle on session ed2bad967aeb764493be62336a00b0fe to remote] protocol.RequestAddCookies 123 - CookieSpec selected: default
12-25-2017 21:23:06 RequestAuthCache.java DEBUG [Forwarding getTitle on session ed2bad967aeb764493be62336a00b0fe to remote] protocol.RequestAuthCache 77 - Auth cache not set in the context
12-25-2017 21:23:06 PoolingHttpClientConnectionManager.java DEBUG [Forwarding getTitle on session ed2bad967aeb764493be62336a00b0fe to remote] conn.PoolingHttpClientConnectionManager 255 - Connection request: [route: {}-&gt;http://localhost:28708][total kept alive: 0; route allocated: 0 of 2000; total allocated: 0 of 2000]
12-25-2017 21:23:06 PoolingHttpClientConnectionManager.java DEBUG [Forwarding getTitle on session ed2bad967aeb764493be62336a00b0fe to remote] conn.PoolingHttpClientConnectionManager 288 - Connection leased: [id: 201][route: {}-&gt;http://localhost:28708][total kept alive: 0; route allocated: 1 of 2000; total allocated: 1 of 2000]
12-25-2017 21:23:06 MainClientExec.java DEBUG [Forwarding getTitle on session ed2bad967aeb764493be62336a00b0fe to remote] execchain.MainClientExec 235 - Opening connection {}-&gt;http://localhost:28708
12-25-2017 21:23:06 DefaultHttpClientConnectionOperator.java DEBUG [Forwarding getTitle on session ed2bad967aeb764493be62336a00b0fe to remote] conn.DefaultHttpClientConnectionOperator 139 - Connecting to localhost/127.0.0.1:28708
12-25-2017 21:23:06 DefaultHttpClientConnectionOperator.java DEBUG [Forwarding getTitle on session ed2bad967aeb764493be62336a00b0fe to remote] conn.DefaultHttpClientConnectionOperator 146 - Connection established 127.0.0.1:50489&lt;-&gt;127.0.0.1:28708
12-25-2017 21:23:06 LoggingManagedHttpClientConnection.java DEBUG [Forwarding getTitle on session ed2bad967aeb764493be62336a00b0fe to remote] conn.DefaultManagedHttpClientConnection 88 - http-outgoing-201: set socket timeout to 10800000
12-25-2017 21:23:06 MainClientExec.java DEBUG [Forwarding getTitle on session ed2bad967aeb764493be62336a00b0fe to remote] execchain.MainClientExec 256 - Executing request GET /session/ed2bad967aeb764493be62336a00b0fe/title HTTP/1.1
12-25-2017 21:23:06 MainClientExec.java DEBUG [Forwarding getTitle on session ed2bad967aeb764493be62336a00b0fe to remote] execchain.MainClientExec 261 - Target auth state: UNCHALLENGED
12-25-2017 21:23:06 MainClientExec.java DEBUG [Forwarding getTitle on session ed2bad967aeb764493be62336a00b0fe to remote] execchain.MainClientExec 267 - Proxy auth state: UNCHALLENGED
12-25-2017 21:23:06 LoggingManagedHttpClientConnection.java DEBUG [Forwarding getTitle on session ed2bad967aeb764493be62336a00b0fe to remote] http.headers 133 - http-outgoing-201 &gt;&gt; GET /session/ed2bad967aeb764493be62336a00b0fe/title HTTP/1.1
12-25-2017 21:23:06 LoggingManagedHttpClientConnection.java DEBUG [Forwarding getTitle on session ed2bad967aeb764493be62336a00b0fe to remote] http.headers 136 - http-outgoing-201 &gt;&gt; Cache-Control: no-cache
12-25-2017 21:23:06 LoggingManagedHttpClientConnection.java DEBUG [Forwarding getTitle on session ed2bad967aeb764493be62336a00b0fe to remote] http.headers 136 - http-outgoing-201 &gt;&gt; Host: localhost:28708
12-25-2017 21:23:06 LoggingManagedHttpClientConnection.java DEBUG [Forwarding getTitle on session ed2bad967aeb764493be62336a00b0fe to remote] http.headers 136 - http-outgoing-201 &gt;&gt; Connection: Keep-Alive
12-25-2017 21:23:06 LoggingManagedHttpClientConnection.java DEBUG [Forwarding getTitle on session ed2bad967aeb764493be62336a00b0fe to remote] http.headers 136 - http-outgoing-201 &gt;&gt; User-Agent: Apache-HttpClient/4.5.3 (Java/1.8.0_151)
12-25-2017 21:23:06 LoggingManagedHttpClientConnection.java DEBUG [Forwarding getTitle on session ed2bad967aeb764493be62336a00b0fe to remote] http.headers 136 - http-outgoing-201 &gt;&gt; Accept-Encoding: gzip,deflate
12-25-2017 21:23:06 Wire.java DEBUG [Forwarding getTitle on session ed2bad967aeb764493be62336a00b0fe to remote] http.wire 73 - http-outgoing-201 &gt;&gt; &quot;GET /session/ed2bad967aeb764493be62336a00b0fe/title HTTP/1.1[\r][\n]&quot;
12-25-2017 21:23:06 Wire.java DEBUG [Forwarding getTitle on session ed2bad967aeb764493be62336a00b0fe to remote] http.wire 73 - http-outgoing-201 &gt;&gt; &quot;Cache-Control: no-cache[\r][\n]&quot;
12-25-2017 21:23:06 Wire.java DEBUG [Forwarding getTitle on session ed2bad967aeb764493be62336a00b0fe to remote] http.wire 73 - http-outgoing-201 &gt;&gt; &quot;Host: localhost:28708[\r][\n]&quot;
12-25-2017 21:23:06 Wire.java DEBUG [Forwarding getTitle on session ed2bad967aeb764493be62336a00b0fe to remote] http.wire 73 - http-outgoing-201 &gt;&gt; &quot;Connection: Keep-Alive[\r][\n]&quot;
12-25-2017 21:23:06 Wire.java DEBUG [Forwarding getTitle on session ed2bad967aeb764493be62336a00b0fe to remote] http.wire 73 - http-outgoing-201 &gt;&gt; &quot;User-Agent: Apache-HttpClient/4.5.3 (Java/1.8.0_151)[\r][\n]&quot;
12-25-2017 21:23:06 Wire.java DEBUG [Forwarding getTitle on session ed2bad967aeb764493be62336a00b0fe to remote] http.wire 73 - http-outgoing-201 &gt;&gt; &quot;Accept-Encoding: gzip,deflate[\r][\n]&quot;
12-25-2017 21:23:06 Wire.java DEBUG [Forwarding getTitle on session ed2bad967aeb764493be62336a00b0fe to remote] http.wire 73 - http-outgoing-201 &gt;&gt; &quot;[\r][\n]&quot;
12-25-2017 21:23:06 Wire.java DEBUG [Forwarding getTitle on session ed2bad967aeb764493be62336a00b0fe to remote] http.wire 73 - http-outgoing-201 &lt;&lt; &quot;HTTP/1.1 200 OK[\r][\n]&quot;
12-25-2017 21:23:06 Wire.java DEBUG [Forwarding getTitle on session ed2bad967aeb764493be62336a00b0fe to remote] http.wire 73 - http-outgoing-201 &lt;&lt; &quot;Content-Length:76[\r][\n]&quot;
12-25-2017 21:23:06 Wire.java DEBUG [Forwarding getTitle on session ed2bad967aeb764493be62336a00b0fe to remote] http.wire 73 - http-outgoing-201 &lt;&lt; &quot;Content-Type:application/json; charset=utf-8[\r][\n]&quot;
12-25-2017 21:23:06 Wire.java DEBUG [Forwarding getTitle on session ed2bad967aeb764493be62336a00b0fe to remote] http.wire 73 - http-outgoing-201 &lt;&lt; &quot;Connection:close[\r][\n]&quot;
12-25-2017 21:23:06 Wire.java DEBUG [Forwarding getTitle on session ed2bad967aeb764493be62336a00b0fe to remote] http.wire 73 - http-outgoing-201 &lt;&lt; &quot;[\r][\n]&quot;
12-25-2017 21:23:06 Wire.java DEBUG [Forwarding getTitle on session ed2bad967aeb764493be62336a00b0fe to remote] http.wire 87 - http-outgoing-201 &lt;&lt; &quot;{&quot;sessionId&quot;:&quot;ed2bad967aeb764493be62336a00b0fe&quot;,&quot;status&quot;:0,&quot;value&quot;:&quot;Google&quot;}&quot;
12-25-2017 21:23:06 LoggingManagedHttpClientConnection.java DEBUG [Forwarding getTitle on session ed2bad967aeb764493be62336a00b0fe to remote] http.headers 122 - http-outgoing-201 &lt;&lt; HTTP/1.1 200 OK
12-25-2017 21:23:06 LoggingManagedHttpClientConnection.java DEBUG [Forwarding getTitle on session ed2bad967aeb764493be62336a00b0fe to remote] http.headers 125 - http-outgoing-201 &lt;&lt; Content-Length:76
12-25-2017 21:23:06 LoggingManagedHttpClientConnection.java DEBUG [Forwarding getTitle on session ed2bad967aeb764493be62336a00b0fe to remote] http.headers 125 - http-outgoing-201 &lt;&lt; Content-Type:application/json; charset=utf-8
12-25-2017 21:23:06 LoggingManagedHttpClientConnection.java DEBUG [Forwarding getTitle on session ed2bad967aeb764493be62336a00b0fe to remote] http.headers 125 - http-outgoing-201 &lt;&lt; Connection:close
12-25-2017 21:23:06 LoggingManagedHttpClientConnection.java DEBUG [Forwarding getTitle on session ed2bad967aeb764493be62336a00b0fe to remote] conn.DefaultManagedHttpClientConnection 79 - http-outgoing-201: Close connection
12-25-2017 21:23:06 ConnectionHolder.java DEBUG [Forwarding getTitle on session ed2bad967aeb764493be62336a00b0fe to remote] execchain.MainClientExec 104 - Connection discarded
12-25-2017 21:23:06 PoolingHttpClientConnectionManager.java DEBUG [Forwarding getTitle on session ed2bad967aeb764493be62336a00b0fe to remote] conn.PoolingHttpClientConnectionManager 326 - Connection released: [id: 201][route: {}-&gt;http://localhost:28708][total kept alive: 0; route allocated: 0 of 2000; total allocated: 0 of 2000]
</system-out>
    <system-err>Starting ChromeDriver 2.33.506120 (e3e53437346286c0bc2d2dc9aa4915ba81d9023f) on port 28708
Only local connections are allowed.
Dec 25, 2017 9:23:02 PM org.openqa.selenium.remote.ProtocolHandshake createSession
INFO: Detected dialect: OSS
</system-err>
  </testcase>
  <testcase classname="com.naveentestNG.GoogleTitleTest" name="testCase3" time="20.169">
    <failure message="no such element: Unable to locate element: {&quot;method&quot;:&quot;xpath&quot;,&quot;selector&quot;:&quot;//*[@id=&apos;hplogo&apos;]/a/img&quot;}
  (Session info: chrome=63.0.3239.108)
  (Driver info: chromedriver=2.33.506120 (e3e53437346286c0bc2d2dc9aa4915ba81d9023f),platform=Windows NT 10.0.16299 x86_64) (WARNING: The server did not provide any stacktrace information)
Command duration or timeout: 0 milliseconds
For documentation on this error, please visit: http://seleniumhq.org/exceptions/no_such_element.html
Build info: version: &apos;3.6.0&apos;, revision: &apos;6fbf3ec767&apos;, time: &apos;2017-09-27T15:28:36.4Z&apos;
System info: host: &apos;DESKTOP-16VI708&apos;, ip: &apos;192.168.0.101&apos;, os.name: &apos;Windows 10&apos;, os.arch: &apos;amd64&apos;, os.version: &apos;10.0&apos;, java.version: &apos;1.8.0_151&apos;
Driver info: org.openqa.selenium.chrome.ChromeDriver
Capabilities [{mobileEmulationEnabled=false, hasTouchScreen=false, platform=XP, acceptSslCerts=true, webStorageEnabled=true, browserName=chrome, takesScreenshot=true, javascriptEnabled=true, platformName=XP, setWindowRect=true, unexpectedAlertBehaviour=, applicationCacheEnabled=false, rotatable=false, networkConnectionEnabled=false, chrome={chromedriverVersion=2.33.506120 (e3e53437346286c0bc2d2dc9aa4915ba81d9023f), userDataDir=C:\Users\Kitty\AppData\Local\Temp\scoped_dir7980_7549}, takesHeapSnapshot=true, pageLoadStrategy=normal, unhandledPromptBehavior=, databaseEnabled=false, handlesAlerts=true, version=63.0.3239.108, browserConnectionEnabled=false, nativeEvents=true, locationContextEnabled=true, cssSelectorsEnabled=true}]
Session ID: e1d7cd658fd8ee0b8c0a3f76d376bdb3
*** Element info: {Using=xpath, value=//*[@id=&apos;hplogo&apos;]/a/img}" type="org.openqa.selenium.NoSuchElementException">org.openqa.selenium.NoSuchElementException: no such element: Unable to locate element: {&quot;method&quot;:&quot;xpath&quot;,&quot;selector&quot;:&quot;//*[@id=&apos;hplogo&apos;]/a/img&quot;}
  (Session info: chrome=63.0.3239.108)
  (Driver info: chromedriver=2.33.506120 (e3e53437346286c0bc2d2dc9aa4915ba81d9023f),platform=Windows NT 10.0.16299 x86_64) (WARNING: The server did not provide any stacktrace information)
Command duration or timeout: 0 milliseconds
For documentation on this error, please visit: http://seleniumhq.org/exceptions/no_such_element.html
Build info: version: &apos;3.6.0&apos;, revision: &apos;6fbf3ec767&apos;, time: &apos;2017-09-27T15:28:36.4Z&apos;
System info: host: &apos;DESKTOP-16VI708&apos;, ip: &apos;192.168.0.101&apos;, os.name: &apos;Windows 10&apos;, os.arch: &apos;amd64&apos;, os.version: &apos;10.0&apos;, java.version: &apos;1.8.0_151&apos;
Driver info: org.openqa.selenium.chrome.ChromeDriver
[...]
12-25-2017 21:23:48 LoggingManagedHttpClientConnection.java DEBUG [Forwarding setTimeout on session 7e2a9d7f5c863213dd90782c6dd71335 to remote] http.headers 125 - http-outgoing-223 &lt;&lt; Content-Type:application/json; charset=utf-8
12-25-2017 21:23:48 LoggingManagedHttpClientConnection.java DEBUG [Forwarding setTimeout on session 7e2a9d7f5c863213dd90782c6dd71335 to remote] http.headers 125 - http-outgoing-223 &lt;&lt; Connection:close
12-25-2017 21:23:48 LoggingManagedHttpClientConnection.java DEBUG [Forwarding setTimeout on session 7e2a9d7f5c863213dd90782c6dd71335 to remote] conn.DefaultManagedHttpClientConnection 79 - http-outgoing-223: Close connection
12-25-2017 21:23:48 ConnectionHolder.java DEBUG [Forwarding setTimeout on session 7e2a9d7f5c863213dd90782c6dd71335 to remote] execchain.MainClientExec 104 - Connection discarded
12-25-2017 21:23:48 PoolingHttpClientConnectionManager.java DEBUG [Forwarding setTimeout on session 7e2a9d7f5c863213dd90782c6dd71335 to remote] conn.PoolingHttpClientConnectionManager 326 - Connection released: [id: 223][route: {}-&gt;http://localhost:29059][total kept alive: 0; route allocated: 0 of 2000; total allocated: 0 of 2000]
12-25-2017 21:23:48 RequestAddCookies.java DEBUG [Forwarding get on session 7e2a9d7f5c863213dd90782c6dd71335 to remote] protocol.RequestAddCookies 123 - CookieSpec selected: default
12-25-2017 21:23:48 RequestAuthCache.java DEBUG [Forwarding get on session 7e2a9d7f5c863213dd90782c6dd71335 to remote] protocol.RequestAuthCache 77 - Auth cache not set in the context
12-25-2017 21:23:48 PoolingHttpClientConnectionManager.java DEBUG [Forwarding get on session 7e2a9d7f5c863213dd90782c6dd71335 to remote] conn.PoolingHttpClientConnectionManager 255 - Connection request: [route: {}-&gt;http://localhost:29059][total kept alive: 0; route allocated: 0 of 2000; total allocated: 0 of 2000]
12-25-2017 21:23:48 PoolingHttpClientConnectionManager.java DEBUG [Forwarding get on session 7e2a9d7f5c863213dd90782c6dd71335 to remote] conn.PoolingHttpClientConnectionManager 288 - Connection leased: [id: 224][route: {}-&gt;http://localhost:29059][total kept alive: 0; route allocated: 1 of 2000; total allocated: 1 of 2000]
12-25-2017 21:23:48 MainClientExec.java DEBUG [Forwarding get on session 7e2a9d7f5c863213dd90782c6dd71335 to remote] execchain.MainClientExec 235 - Opening connection {}-&gt;http://localhost:29059
12-25-2017 21:23:48 DefaultHttpClientConnectionOperator.java DEBUG [Forwarding get on session 7e2a9d7f5c863213dd90782c6dd71335 to remote] conn.DefaultHttpClientConnectionOperator 139 - Connecting to localhost/127.0.0.1:29059
12-25-2017 21:23:48 DefaultHttpClientConnectionOperator.java DEBUG [Forwarding get on session 7e2a9d7f5c863213dd90782c6dd71335 to remote] conn.DefaultHttpClientConnectionOperator 146 - Connection established 127.0.0.1:50577&lt;-&gt;127.0.0.1:29059
12-25-2017 21:23:48 LoggingManagedHttpClientConnection.java DEBUG [Forwarding get on session 7e2a9d7f5c863213dd90782c6dd71335 to remote] conn.DefaultManagedHttpClientConnection 88 - http-outgoing-224: set socket timeout to 10800000
12-25-2017 21:23:48 MainClientExec.java DEBUG [Forwarding get on session 7e2a9d7f5c863213dd90782c6dd71335 to remote] execchain.MainClientExec 256 - Executing request POST /session/7e2a9d7f5c863213dd90782c6dd71335/url HTTP/1.1
12-25-2017 21:23:48 MainClientExec.java DEBUG [Forwarding get on session 7e2a9d7f5c863213dd90782c6dd71335 to remote] execchain.MainClientExec 261 - Target auth state: UNCHALLENGED
12-25-2017 21:23:48 MainClientExec.java DEBUG [Forwarding get on session 7e2a9d7f5c863213dd90782c6dd71335 to remote] execchain.MainClientExec 267 - Proxy auth state: UNCHALLENGED
12-25-2017 21:23:48 LoggingManagedHttpClientConnection.java DEBUG [Forwarding get on session 7e2a9d7f5c863213dd90782c6dd71335 to remote] http.headers 133 - http-outgoing-224 &gt;&gt; POST /session/7e2a9d7f5c863213dd90782c6dd71335/url HTTP/1.1
12-25-2017 21:23:48 LoggingManagedHttpClientConnection.java DEBUG [Forwarding get on session 7e2a9d7f5c863213dd90782c6dd71335 to remote] http.headers 136 - http-outgoing-224 &gt;&gt; Content-Type: application/json; charset=utf-8
12-25-2017 21:23:48 LoggingManagedHttpClientConnection.java DEBUG [Forwarding get on session 7e2a9d7f5c863213dd90782c6dd71335 to remote] http.headers 136 - http-outgoing-224 &gt;&gt; Content-Length: 31
12-25-2017 21:23:48 LoggingManagedHttpClientConnection.java DEBUG [Forwarding get on session 7e2a9d7f5c863213dd90782c6dd71335 to remote] http.headers 136 - http-outgoing-224 &gt;&gt; Host: localhost:29059
12-25-2017 21:23:48 LoggingManagedHttpClientConnection.java DEBUG [Forwarding get on session 7e2a9d7f5c863213dd90782c6dd71335 to remote] http.headers 136 - http-outgoing-224 &gt;&gt; Connection: Keep-Alive
12-25-2017 21:23:48 LoggingManagedHttpClientConnection.java DEBUG [Forwarding get on session 7e2a9d7f5c863213dd90782c6dd71335 to remote] http.headers 136 - http-outgoing-224 &gt;&gt; User-Agent: Apache-HttpClient/4.5.3 (Java/1.8.0_151)
12-25-2017 21:23:48 LoggingManagedHttpClientConnection.java DEBUG [Forwarding get on session 7e2a9d7f5c863213dd90782c6dd71335 to remote] http.headers 136 - http-outgoing-224 &gt;&gt; Accept-Encoding: gzip,deflate
12-25-2017 21:23:48 Wire.java DEBUG [Forwarding get on session 7e2a9d7f5c863213dd90782c6dd71335 to remote] http.wire 73 - http-outgoing-224 &gt;&gt; &quot;POST /session/7e2a9d7f5c863213dd90782c6dd71335/url HTTP/1.1[\r][\n]&quot;
12-25-2017 21:23:48 Wire.java DEBUG [Forwarding get on session 7e2a9d7f5c863213dd90782c6dd71335 to remote] http.wire 73 - http-outgoing-224 &gt;&gt; &quot;Content-Type: application/json; charset=utf-8[\r][\n]&quot;
12-25-2017 21:23:48 Wire.java DEBUG [Forwarding get on session 7e2a9d7f5c863213dd90782c6dd71335 to remote] http.wire 73 - http-outgoing-224 &gt;&gt; &quot;Content-Length: 31[\r][\n]&quot;
12-25-2017 21:23:48 Wire.java DEBUG [Forwarding get on session 7e2a9d7f5c863213dd90782c6dd71335 to remote] http.wire 73 - http-outgoing-224 &gt;&gt; &quot;Host: localhost:29059[\r][\n]&quot;
12-25-2017 21:23:48 Wire.java DEBUG [Forwarding get on session 7e2a9d7f5c863213dd90782c6dd71335 to remote] http.wire 73 - http-outgoing-224 &gt;&gt; &quot;Connection: Keep-Alive[\r][\n]&quot;
12-25-2017 21:23:48 Wire.java DEBUG [Forwarding get on session 7e2a9d7f5c863213dd90782c6dd71335 to remote] http.wire 73 - http-outgoing-224 &gt;&gt; &quot;User-Agent: Apache-HttpClient/4.5.3 (Java/1.8.0_151)[\r][\n]&quot;
12-25-2017 21:23:48 Wire.java DEBUG [Forwarding get on session 7e2a9d7f5c863213dd90782c6dd71335 to remote] http.wire 73 - http-outgoing-224 &gt;&gt; &quot;Accept-Encoding: gzip,deflate[\r][\n]&quot;
12-25-2017 21:23:48 Wire.java DEBUG [Forwarding get on session 7e2a9d7f5c863213dd90782c6dd71335 to remote] http.wire 73 - http-outgoing-224 &gt;&gt; &quot;[\r][\n]&quot;
12-25-2017 21:23:48 Wire.java DEBUG [Forwarding get on session 7e2a9d7f5c863213dd90782c6dd71335 to remote] http.wire 87 - http-outgoing-224 &gt;&gt; &quot;{&quot;url&quot;:&quot;http://www.google.com&quot;}&quot;
12-25-2017 21:23:50 Wire.java DEBUG [Forwarding get on session 7e2a9d7f5c863213dd90782c6dd71335 to remote] http.wire 73 - http-outgoing-224 &lt;&lt; &quot;HTTP/1.1 200 OK[\r][\n]&quot;
12-25-2017 21:23:50 Wire.java DEBUG [Forwarding get on session 7e2a9d7f5c863213dd90782c6dd71335 to remote] http.wire 73 - http-outgoing-224 &lt;&lt; &quot;Content-Length:72[\r][\n]&quot;
12-25-2017 21:23:50 Wire.java DEBUG [Forwarding get on session 7e2a9d7f5c863213dd90782c6dd71335 to remote] http.wire 73 - http-outgoing-224 &lt;&lt; &quot;Content-Type:application/json; charset=utf-8[\r][\n]&quot;
12-25-2017 21:23:50 Wire.java DEBUG [Forwarding get on session 7e2a9d7f5c863213dd90782c6dd71335 to remote] http.wire 73 - http-outgoing-224 &lt;&lt; &quot;Connection:close[\r][\n]&quot;
12-25-2017 21:23:50 Wire.java DEBUG [Forwarding get on session 7e2a9d7f5c863213dd90782c6dd71335 to remote] http.wire 73 - http-outgoing-224 &lt;&lt; &quot;[\r][\n]&quot;
12-25-2017 21:23:50 Wire.java DEBUG [Forwarding get on session 7e2a9d7f5c863213dd90782c6dd71335 to remote] http.wire 87 - http-outgoing-224 &lt;&lt; &quot;{&quot;sessionId&quot;:&quot;7e2a9d7f5c863213dd90782c6dd71335&quot;,&quot;status&quot;:0,&quot;value&quot;:null}&quot;
12-25-2017 21:23:50 LoggingManagedHttpClientConnection.java DEBUG [Forwarding get on session 7e2a9d7f5c863213dd90782c6dd71335 to remote] http.headers 122 - http-outgoing-224 &lt;&lt; HTTP/1.1 200 OK
12-25-2017 21:23:50 LoggingManagedHttpClientConnection.java DEBUG [Forwarding get on session 7e2a9d7f5c863213dd90782c6dd71335 to remote] http.headers 125 - http-outgoing-224 &lt;&lt; Content-Length:72
12-25-2017 21:23:50 LoggingManagedHttpClientConnection.java DEBUG [Forwarding get on session 7e2a9d7f5c863213dd90782c6dd71335 to remote] http.headers 125 - http-outgoing-224 &lt;&lt; Content-Type:application/json; charset=utf-8
12-25-2017 21:23:50 LoggingManagedHttpClientConnection.java DEBUG [Forwarding get on session 7e2a9d7f5c863213dd90782c6dd71335 to remote] http.headers 125 - http-outgoing-224 &lt;&lt; Connection:close
12-25-2017 21:23:50 LoggingManagedHttpClientConnection.java DEBUG [Forwarding get on session 7e2a9d7f5c863213dd90782c6dd71335 to remote] conn.DefaultManagedHttpClientConnection 79 - http-outgoing-224: Close connection
12-25-2017 21:23:50 ConnectionHolder.java DEBUG [Forwarding get on session 7e2a9d7f5c863213dd90782c6dd71335 to remote] execchain.MainClientExec 104 - Connection discarded
12-25-2017 21:23:50 PoolingHttpClientConnectionManager.java DEBUG [Forwarding get on session 7e2a9d7f5c863213dd90782c6dd71335 to remote] conn.PoolingHttpClientConnectionManager 326 - Connection released: [id: 224][route: {}-&gt;http://localhost:29059][total kept alive: 0; route allocated: 0 of 2000; total allocated: 0 of 2000]
12-25-2017 21:23:50 RequestAddCookies.java DEBUG [Forwarding findElement on session 7e2a9d7f5c863213dd90782c6dd71335 to remote] protocol.RequestAddCookies 123 - CookieSpec selected: default
12-25-2017 21:23:50 RequestAuthCache.java DEBUG [Forwarding findElement on session 7e2a9d7f5c863213dd90782c6dd71335 to remote] protocol.RequestAuthCache 77 - Auth cache not set in the context
12-25-2017 21:23:50 PoolingHttpClientConnectionManager.java DEBUG [Forwarding findElement on session 7e2a9d7f5c863213dd90782c6dd71335 to remote] conn.PoolingHttpClientConnectionManager 255 - Connection request: [route: {}-&gt;http://localhost:29059][total kept alive: 0; route allocated: 0 of 2000; total allocated: 0 of 2000]
12-25-2017 21:23:50 PoolingHttpClientConnectionManager.java DEBUG [Forwarding findElement on session 7e2a9d7f5c863213dd90782c6dd71335 to remote] conn.PoolingHttpClientConnectionManager 288 - Connection leased: [id: 225][route: {}-&gt;http://localhost:29059][total kept alive: 0; route allocated: 1 of 2000; total allocated: 1 of 2000]
12-25-2017 21:23:50 MainClientExec.java DEBUG [Forwarding findElement on session 7e2a9d7f5c863213dd90782c6dd71335 to remote] execchain.MainClientExec 235 - Opening connection {}-&gt;http://localhost:29059
12-25-2017 21:23:50 DefaultHttpClientConnectionOperator.java DEBUG [Forwarding findElement on session 7e2a9d7f5c863213dd90782c6dd71335 to remote] conn.DefaultHttpClientConnectionOperator 139 - Connecting to localhost/127.0.0.1:29059
12-25-2017 21:23:50 DefaultHttpClientConnectionOperator.java DEBUG [Forwarding findElement on session 7e2a9d7f5c863213dd90782c6dd71335 to remote] conn.DefaultHttpClientConnectionOperator 146 - Connection established 127.0.0.1:50590&lt;-&gt;127.0.0.1:29059
12-25-2017 21:23:50 LoggingManagedHttpClientConnection.java DEBUG [Forwarding findElement on session 7e2a9d7f5c863213dd90782c6dd71335 to remote] conn.DefaultManagedHttpClientConnection 88 - http-outgoing-225: set socket timeout to 10800000
12-25-2017 21:23:50 MainClientExec.java DEBUG [Forwarding findElement on session 7e2a9d7f5c863213dd90782c6dd71335 to remote] execchain.MainClientExec 256 - Executing request POST /session/7e2a9d7f5c863213dd90782c6dd71335/element HTTP/1.1
12-25-2017 21:23:50 MainClientExec.java DEBUG [Forwarding findElement on session 7e2a9d7f5c863213dd90782c6dd71335 to remote] execchain.MainClientExec 261 - Target auth state: UNCHALLENGED
12-25-2017 21:23:50 MainClientExec.java DEBUG [Forwarding findElement on session 7e2a9d7f5c863213dd90782c6dd71335 to remote] execchain.MainClientExec 267 - Proxy auth state: UNCHALLENGED
12-25-2017 21:23:50 LoggingManagedHttpClientConnection.java DEBUG [Forwarding findElement on session 7e2a9d7f5c863213dd90782c6dd71335 to remote] http.headers 133 - http-outgoing-225 &gt;&gt; POST /session/7e2a9d7f5c863213dd90782c6dd71335/element HTTP/1.1
12-25-2017 21:23:50 LoggingManagedHttpClientConnection.java DEBUG [Forwarding findElement on session 7e2a9d7f5c863213dd90782c6dd71335 to remote] http.headers 136 - http-outgoing-225 &gt;&gt; Content-Type: application/json; charset=utf-8
12-25-2017 21:23:50 LoggingManagedHttpClientConnection.java DEBUG [Forwarding findElement on session 7e2a9d7f5c863213dd90782c6dd71335 to remote] http.headers 136 - http-outgoing-225 &gt;&gt; Content-Length: 47
12-25-2017 21:23:50 LoggingManagedHttpClientConnection.java DEBUG [Forwarding findElement on session 7e2a9d7f5c863213dd90782c6dd71335 to remote] http.headers 136 - http-outgoing-225 &gt;&gt; Host: localhost:29059
12-25-2017 21:23:50 LoggingManagedHttpClientConnection.java DEBUG [Forwarding findElement on session 7e2a9d7f5c863213dd90782c6dd71335 to remote] http.headers 136 - http-outgoing-225 &gt;&gt; Connection: Keep-Alive
12-25-2017 21:23:50 LoggingManagedHttpClientConnection.java DEBUG [Forwarding findElement on session 7e2a9d7f5c863213dd90782c6dd71335 to remote] http.headers 136 - http-outgoing-225 &gt;&gt; User-Agent: Apache-HttpClient/4.5.3 (Java/1.8.0_151)
12-25-2017 21:23:50 LoggingManagedHttpClientConnection.java DEBUG [Forwarding findElement on session 7e2a9d7f5c863213dd90782c6dd71335 to remote] http.headers 136 - http-outgoing-225 &gt;&gt; Accept-Encoding: gzip,deflate
12-25-2017 21:23:50 Wire.java DEBUG [Forwarding findElement on session 7e2a9d7f5c863213dd90782c6dd71335 to remote] http.wire 73 - http-outgoing-225 &gt;&gt; &quot;POST /session/7e2a9d7f5c863213dd90782c6dd71335/element HTTP/1.1[\r][\n]&quot;
12-25-2017 21:23:50 Wire.java DEBUG [Forwarding findElement on session 7e2a9d7f5c863213dd90782c6dd71335 to remote] http.wire 73 - http-outgoing-225 &gt;&gt; &quot;Content-Type: application/json; charset=utf-8[\r][\n]&quot;
12-25-2017 21:23:50 Wire.java DEBUG [Forwarding findElement on session 7e2a9d7f5c863213dd90782c6dd71335 to remote] http.wire 73 - http-outgoing-225 &gt;&gt; &quot;Content-Length: 47[\r][\n]&quot;
12-25-2017 21:23:50 Wire.java DEBUG [Forwarding findElement on session 7e2a9d7f5c863213dd90782c6dd71335 to remote] http.wire 73 - http-outgoing-225 &gt;&gt; &quot;Host: localhost:29059[\r][\n]&quot;
12-25-2017 21:23:50 Wire.java DEBUG [Forwarding findElement on session 7e2a9d7f5c863213dd90782c6dd71335 to remote] http.wire 73 - http-outgoing-225 &gt;&gt; &quot;Connection: Keep-Alive[\r][\n]&quot;
12-25-2017 21:23:50 Wire.java DEBUG [Forwarding findElement on session 7e2a9d7f5c863213dd90782c6dd71335 to remote] http.wire 73 - http-outgoing-225 &gt;&gt; &quot;User-Agent: Apache-HttpClient/4.5.3 (Java/1.8.0_151)[\r][\n]&quot;
12-25-2017 21:23:50 Wire.java DEBUG [Forwarding findElement on session 7e2a9d7f5c863213dd90782c6dd71335 to remote] http.wire 73 - http-outgoing-225 &gt;&gt; &quot;Accept-Encoding: gzip,deflate[\r][\n]&quot;
12-25-2017 21:23:50 Wire.java DEBUG [Forwarding findElement on session 7e2a9d7f5c863213dd90782c6dd71335 to remote] http.wire 73 - http-outgoing-225 &gt;&gt; &quot;[\r][\n]&quot;
12-25-2017 21:23:50 Wire.java DEBUG [Forwarding findElement on session 7e2a9d7f5c863213dd90782c6dd71335 to remote] http.wire 87 - http-outgoing-225 &gt;&gt; &quot;{&quot;using&quot;:&quot;xpath&quot;,&quot;value&quot;:&quot;//img[@id=&apos;hplogo&apos;]&quot;}&quot;
12-25-2017 21:24:10 Wire.java DEBUG [Forwarding findElement on session 7e2a9d7f5c863213dd90782c6dd71335 to remote] http.wire 73 - http-outgoing-225 &lt;&lt; &quot;HTTP/1.1 200 OK[\r][\n]&quot;
12-25-2017 21:24:10 Wire.java DEBUG [Forwarding findElement on session 7e2a9d7f5c863213dd90782c6dd71335 to remote] http.wire 73 - http-outgoing-225 &lt;&lt; &quot;Content-Length:348[\r][\n]&quot;
12-25-2017 21:24:10 Wire.java DEBUG [Forwarding findElement on session 7e2a9d7f5c863213dd90782c6dd71335 to remote] http.wire 73 - http-outgoing-225 &lt;&lt; &quot;Content-Type:application/json; charset=utf-8[\r][\n]&quot;
12-25-2017 21:24:10 Wire.java DEBUG [Forwarding findElement on session 7e2a9d7f5c863213dd90782c6dd71335 to remote] http.wire 73 - http-outgoing-225 &lt;&lt; &quot;Connection:close[\r][\n]&quot;
12-25-2017 21:24:10 Wire.java DEBUG [Forwarding findElement on session 7e2a9d7f5c863213dd90782c6dd71335 to remote] http.wire 73 - http-outgoing-225 &lt;&lt; &quot;[\r][\n]&quot;
12-25-2017 21:24:10 Wire.java DEBUG [Forwarding findElement on session 7e2a9d7f5c863213dd90782c6dd71335 to remote] http.wire 87 - http-outgoing-225 &lt;&lt; &quot;{&quot;sessionId&quot;:&quot;7e2a9d7f5c863213dd90782c6dd71335&quot;,&quot;status&quot;:7,&quot;value&quot;:{&quot;message&quot;:&quot;no such element: Unable to locate element: {\&quot;method\&quot;:\&quot;xpath\&quot;,\&quot;selector\&quot;:\&quot;//img[@id=&apos;hplogo&apos;]\&quot;}\n  (Session info: chrome=63.0.3239.108)\n  (Driver info: chromedriver=2.33.506120 (e3e53437346286c0bc2d2dc9aa4915ba81d9023f),platform=Windows NT 10.0.16299 x86_64)&quot;}}&quot;
12-25-2017 21:24:10 LoggingManagedHttpClientConnection.java DEBUG [Forwarding findElement on session 7e2a9d7f5c863213dd90782c6dd71335 to remote] http.headers 122 - http-outgoing-225 &lt;&lt; HTTP/1.1 200 OK
12-25-2017 21:24:10 LoggingManagedHttpClientConnection.java DEBUG [Forwarding findElement on session 7e2a9d7f5c863213dd90782c6dd71335 to remote] http.headers 125 - http-outgoing-225 &lt;&lt; Content-Length:348
12-25-2017 21:24:10 LoggingManagedHttpClientConnection.java DEBUG [Forwarding findElement on session 7e2a9d7f5c863213dd90782c6dd71335 to remote] http.headers 125 - http-outgoing-225 &lt;&lt; Content-Type:application/json; charset=utf-8
12-25-2017 21:24:10 LoggingManagedHttpClientConnection.java DEBUG [Forwarding findElement on session 7e2a9d7f5c863213dd90782c6dd71335 to remote] http.headers 125 - http-outgoing-225 &lt;&lt; Connection:close
12-25-2017 21:24:10 LoggingManagedHttpClientConnection.java DEBUG [Forwarding findElement on session 7e2a9d7f5c863213dd90782c6dd71335 to remote] conn.DefaultManagedHttpClientConnection 79 - http-outgoing-225: Close connection
12-25-2017 21:24:10 ConnectionHolder.java DEBUG [Forwarding findElement on session 7e2a9d7f5c863213dd90782c6dd71335 to remote] execchain.MainClientExec 104 - Connection discarded
12-25-2017 21:24:10 PoolingHttpClientConnectionManager.java DEBUG [Forwarding findElement on session 7e2a9d7f5c863213dd90782c6dd71335 to remote] conn.PoolingHttpClientConnectionManager 326 - Connection released: [id: 225][route: {}-&gt;http://localhost:29059][total kept alive: 0; route allocated: 0 of 2000; total allocated: 0 of 2000]
</system-out>
    <system-err>Starting ChromeDriver 2.33.506120 (e3e53437346286c0bc2d2dc9aa4915ba81d9023f) on port 29059
Only local connections are allowed.
Dec 25, 2017 9:23:46 PM org.openqa.selenium.remote.ProtocolHandshake createSession
INFO: Detected dialect: OSS
</system-err>
  </testcase>
  <testcase classname="com.naveentestNG.ExcludeTest" name="testCase3" time="0.001"/>
  <testcase classname="com.naveentestNG.GoogleTest" name="testCase2" time="0"/>
  <testcase classname="com.naveentestNG.ExcludeTest" name="testCase4" time="0"/>
  <testcase classname="com.naveentestNG.GoogleTest" name="testCase3" time="0"/>
  <testcase classname="com.naveentestNG.GoogleTest" name="testCase1" time="0"/>
</testsuite>